TN:
SF:src/App.jsx
FN:8,App
FNF:1
FNH:1
FNDA:4,App
DA:1,1
DA:2,1
DA:3,1
DA:4,1
DA:5,1
DA:6,1
DA:7,1
DA:8,4
DA:9,4
DA:10,4
DA:11,4
DA:12,4
DA:13,4
DA:14,4
DA:15,4
DA:16,4
DA:17,4
DA:18,4
DA:19,4
DA:20,4
LF:20
LH:20
BRDA:6,0,0,1
BRDA:8,1,0,4
BRF:2
BRH:2
end_of_record
TN:
SF:src/components/home/CTA.jsx
FN:6,CTA
FNF:1
FNH:1
FNDA:14,CTA
DA:1,1
DA:2,1
DA:3,1
DA:4,1
DA:5,1
DA:6,14
DA:7,14
DA:8,14
DA:9,14
DA:10,14
DA:11,14
DA:12,14
DA:13,14
DA:14,14
DA:15,14
DA:16,14
DA:17,14
DA:18,14
DA:19,14
DA:20,14
DA:21,14
DA:22,14
DA:23,14
DA:24,14
DA:25,14
DA:26,14
DA:27,14
DA:28,14
DA:29,14
DA:30,14
DA:31,14
DA:32,14
DA:33,14
DA:34,14
DA:35,14
DA:36,14
DA:37,14
DA:38,14
DA:39,14
DA:40,14
DA:41,14
DA:42,14
DA:43,14
DA:44,14
LF:44
LH:44
BRDA:6,0,0,14
BRF:1
BRH:1
end_of_record
TN:
SF:src/components/home/Categories.jsx
FN:8,Categories
FNF:1
FNH:1
FNDA:15,Categories
DA:1,1
DA:2,1
DA:3,1
DA:4,1
DA:5,1
DA:6,1
DA:7,1
DA:8,15
DA:9,15
DA:10,15
DA:11,15
DA:12,15
DA:13,15
DA:14,15
DA:15,15
DA:16,15
DA:17,15
DA:18,15
DA:19,90
DA:20,90
DA:21,90
DA:22,90
DA:23,90
DA:24,90
DA:25,90
DA:26,90
DA:27,90
DA:28,90
DA:29,90
DA:30,90
DA:31,90
DA:32,90
DA:33,90
DA:34,90
DA:35,90
DA:36,90
DA:37,90
DA:38,90
DA:39,90
DA:40,90
DA:41,15
DA:42,15
DA:43,15
DA:44,15
DA:45,15
DA:46,15
LF:46
LH:46
BRDA:8,0,0,15
BRDA:18,1,0,90
BRF:2
BRH:2
end_of_record
TN:
SF:src/components/home/Features.jsx
FN:8,Features
FNF:1
FNH:1
FNDA:14,Features
DA:1,1
DA:2,1
DA:3,1
DA:4,1
DA:5,1
DA:6,1
DA:7,1
DA:8,14
DA:9,14
DA:10,14
DA:11,14
DA:12,14
DA:13,14
DA:14,14
DA:15,14
DA:16,14
DA:17,14
DA:18,14
DA:19,84
DA:20,84
DA:21,84
DA:22,84
DA:23,84
DA:24,84
DA:25,84
DA:26,84
DA:27,84
DA:28,84
DA:29,84
DA:30,84
DA:31,84
DA:32,84
DA:33,84
DA:34,14
DA:35,14
DA:36,14
DA:37,14
DA:38,14
DA:39,14
LF:39
LH:39
BRDA:8,0,0,14
BRDA:18,1,0,84
BRF:2
BRH:2
end_of_record
TN:
SF:src/components/home/Hero.jsx
FN:11,Hero
FNF:1
FNH:1
FNDA:17,Hero
DA:1,1
DA:2,1
DA:3,1
DA:4,1
DA:5,1
DA:6,1
DA:7,1
DA:8,1
DA:9,1
DA:10,1
DA:11,17
DA:12,17
DA:13,17
DA:14,17
DA:15,17
DA:16,17
DA:17,17
DA:18,17
DA:19,17
DA:20,17
DA:21,17
DA:22,17
DA:23,17
DA:24,17
DA:25,17
DA:26,17
DA:27,17
DA:28,17
DA:29,17
DA:30,17
DA:31,17
DA:32,17
DA:33,17
DA:34,17
DA:35,17
DA:36,17
DA:37,17
DA:38,17
DA:39,17
DA:40,17
DA:41,17
DA:42,17
DA:43,17
DA:44,17
DA:45,17
DA:46,17
DA:47,17
DA:48,17
DA:49,17
DA:50,17
DA:51,17
DA:52,17
DA:53,17
DA:54,17
DA:55,17
DA:56,17
DA:57,17
DA:58,17
DA:59,17
DA:60,17
DA:61,17
DA:62,17
DA:63,17
DA:64,17
DA:65,17
DA:66,17
DA:67,17
DA:68,17
DA:69,17
DA:70,17
DA:71,17
DA:72,17
DA:73,17
DA:74,17
DA:75,17
DA:76,17
DA:77,51
DA:78,51
DA:79,51
DA:80,51
DA:81,17
DA:82,17
DA:83,17
DA:84,17
DA:85,17
DA:86,17
DA:87,17
LF:87
LH:87
BRDA:11,0,0,17
BRDA:76,1,0,51
BRF:2
BRH:2
end_of_record
TN:
SF:src/components/home/ONDC.jsx
FN:7,ONDC
FNF:1
FNH:1
FNDA:16,ONDC
DA:1,1
DA:2,1
DA:3,1
DA:4,1
DA:5,1
DA:6,1
DA:7,16
DA:8,16
DA:9,16
DA:10,16
DA:11,16
DA:12,16
DA:13,16
DA:14,16
DA:15,16
DA:16,16
DA:17,16
DA:18,16
DA:19,16
DA:20,16
DA:21,16
DA:22,16
DA:23,16
DA:24,16
DA:25,16
DA:26,16
DA:27,16
DA:28,16
DA:29,16
DA:30,16
DA:31,16
DA:32,16
DA:33,16
DA:34,16
DA:35,16
DA:36,16
DA:37,16
DA:38,16
DA:39,16
DA:40,16
DA:41,16
DA:42,16
DA:43,16
DA:44,48
DA:45,48
DA:46,48
DA:47,48
DA:48,48
DA:49,48
DA:50,48
DA:51,48
DA:52,48
DA:53,48
DA:54,48
DA:55,48
DA:56,48
DA:57,48
DA:58,48
DA:59,48
DA:60,48
DA:61,48
DA:62,48
DA:63,48
DA:64,48
DA:65,16
DA:66,16
DA:67,16
DA:68,16
DA:69,16
DA:70,16
DA:71,16
LF:71
LH:71
BRDA:7,0,0,16
BRDA:43,1,0,48
BRF:2
BRH:2
end_of_record
TN:
SF:src/components/home/Products.jsx
FN:8,Products
FNF:1
FNH:1
FNDA:17,Products
DA:1,1
DA:2,1
DA:3,1
DA:4,1
DA:5,1
DA:6,1
DA:7,1
DA:8,17
DA:9,17
DA:10,17
DA:11,17
DA:12,17
DA:13,17
DA:14,17
DA:15,17
DA:16,17
DA:17,17
DA:18,17
DA:19,34
DA:20,34
DA:21,34
DA:22,34
DA:23,34
DA:24,34
DA:25,34
DA:26,34
DA:27,34
DA:28,34
DA:29,34
DA:30,34
DA:31,34
DA:32,34
DA:33,34
DA:34,34
DA:35,34
DA:36,34
DA:37,34
DA:38,34
DA:39,34
DA:40,34
DA:41,34
DA:42,34
DA:43,34
DA:44,34
DA:45,204
DA:46,204
DA:47,204
DA:48,204
DA:49,34
DA:50,34
DA:51,34
DA:52,34
DA:53,34
DA:54,34
DA:55,34
DA:56,34
DA:57,17
DA:58,17
DA:59,17
DA:60,17
DA:61,17
DA:62,17
LF:62
LH:62
BRDA:8,0,0,17
BRDA:18,1,0,34
BRDA:29,2,0,17
BRDA:29,3,0,17
BRDA:34,4,0,17
BRDA:34,5,0,17
BRDA:44,6,0,204
BRF:7
BRH:7
end_of_record
TN:
SF:src/components/layout/Footer.jsx
FN:27,Footer
FNF:1
FNH:1
FNDA:18,Footer
DA:1,1
DA:2,1
DA:3,1
DA:4,1
DA:5,1
DA:6,1
DA:7,1
DA:8,1
DA:9,1
DA:10,1
DA:11,1
DA:12,1
DA:13,1
DA:14,1
DA:15,1
DA:16,1
DA:17,1
DA:18,1
DA:19,1
DA:20,1
DA:21,1
DA:22,1
DA:23,1
DA:24,1
DA:25,1
DA:26,1
DA:27,18
DA:28,18
DA:29,18
DA:30,18
DA:31,18
DA:32,18
DA:33,18
DA:34,18
DA:35,18
DA:36,18
DA:37,18
DA:38,18
DA:39,18
DA:40,18
DA:41,18
DA:42,18
DA:43,18
DA:44,18
DA:45,18
DA:46,18
DA:47,18
DA:48,18
DA:49,18
DA:50,18
DA:51,18
DA:52,18
DA:53,18
DA:54,18
DA:55,18
DA:56,18
DA:57,54
DA:58,54
DA:59,54
DA:60,54
DA:61,108
DA:62,108
DA:63,108
DA:64,108
DA:65,108
DA:66,108
DA:67,108
DA:68,108
DA:69,108
DA:70,108
DA:71,54
DA:72,54
DA:73,54
DA:74,18
DA:75,18
DA:76,18
DA:77,18
DA:78,18
DA:79,18
DA:80,18
DA:81,18
DA:82,18
DA:83,18
DA:84,18
DA:85,18
DA:86,18
DA:87,18
DA:88,18
DA:89,18
DA:90,18
DA:91,18
DA:92,18
DA:93,18
LF:93
LH:93
BRDA:27,0,0,18
BRDA:56,1,0,54
BRDA:60,2,0,108
BRF:3
BRH:3
end_of_record
TN:
SF:src/components/layout/Layout.jsx
FN:6,Layout
FNF:1
FNH:1
FNDA:8,Layout
DA:1,1
DA:2,1
DA:3,1
DA:4,1
DA:5,1
DA:6,8
DA:7,8
DA:8,8
DA:9,8
DA:10,7
DA:11,8
DA:12,8
DA:13,8
DA:14,8
DA:15,8
DA:16,8
DA:17,8
DA:18,8
DA:19,8
DA:20,8
DA:21,8
DA:22,8
LF:22
LH:22
BRDA:6,0,0,8
BRDA:9,1,0,7
BRF:2
BRH:2
end_of_record
TN:
SF:src/components/layout/Navbar.jsx
FN:13,Navbar
FN:19,onScroll
FN:28,handleAnchorClick
FN:60,onClick
FN:75,onClick
FN:90,onClick
FNF:6
FNH:6
FNDA:31,Navbar
FNDA:3,onScroll
FNDA:3,handleAnchorClick
FNDA:2,onClick
FNDA:3,onClick
FNDA:1,onClick
DA:1,1
DA:2,1
DA:3,1
DA:4,1
DA:5,1
DA:6,1
DA:7,1
DA:8,1
DA:9,1
DA:10,1
DA:11,1
DA:12,1
DA:13,31
DA:14,31
DA:15,31
DA:16,31
DA:17,31
DA:18,31
DA:19,19
DA:20,19
DA:21,19
DA:22,31
DA:23,31
DA:24,31
DA:25,19
DA:26,31
DA:27,31
DA:28,31
DA:29,3
DA:30,3
DA:31,3
DA:32,3
DA:33,3
DA:34,2
DA:35,2
DA:36,3
DA:37,31
DA:38,31
DA:39,31
DA:40,31
DA:41,31
DA:42,8
DA:43,23
DA:44,31
DA:45,31
DA:46,31
DA:47,31
DA:48,31
DA:49,31
DA:50,31
DA:51,31
DA:52,31
DA:53,31
DA:54,31
DA:55,31
DA:56,31
DA:57,124
DA:58,124
DA:59,124
DA:60,124
DA:61,124
DA:62,124
DA:63,124
DA:64,124
DA:65,31
DA:66,31
DA:67,31
DA:68,31
DA:69,31
DA:70,31
DA:71,31
DA:72,31
DA:73,31
DA:74,31
DA:75,31
DA:76,31
DA:77,31
DA:78,31
DA:79,31
DA:80,31
DA:81,31
DA:82,31
DA:83,31
DA:84,4
DA:85,4
DA:86,4
DA:87,16
DA:88,16
DA:89,16
DA:90,16
DA:91,16
DA:92,16
DA:93,16
DA:94,16
DA:95,4
DA:96,4
DA:97,4
DA:98,4
DA:99,4
DA:100,4
DA:101,4
DA:102,4
DA:103,4
DA:104,31
DA:105,31
DA:106,31
DA:107,31
LF:107
LH:107
BRDA:13,0,0,31
BRDA:41,1,0,27
BRDA:41,2,0,8
BRDA:42,3,0,23
BRDA:77,4,0,4
BRDA:77,5,0,27
BRDA:83,6,0,4
BRDA:18,7,0,19
BRDA:19,8,0,3
BRDA:21,9,0,19
BRDA:24,10,0,19
BRDA:28,11,0,3
BRDA:33,12,0,2
BRDA:56,13,0,124
BRDA:60,14,0,2
BRDA:75,15,0,3
BRDA:86,16,0,16
BRDA:90,17,0,1
BRF:18
BRH:18
end_of_record
TN:
SF:src/components/shared/AnimatedSection.jsx
FN:3,AnimatedSection2
FN:11,IntersectionObserver.rootMargin
FNF:2
FNH:2
FNDA:89,AnimatedSection2
FNDA:3,IntersectionObserver.rootMargin
DA:1,1
DA:2,1
DA:3,1
DA:4,89
DA:5,89
DA:6,89
DA:7,89
DA:8,87
DA:9,87
DA:10,87
DA:11,87
DA:12,3
DA:13,2
DA:14,2
DA:15,2
DA:16,3
DA:17,87
DA:18,87
DA:19,87
DA:20,87
DA:21,87
DA:22,87
DA:23,89
DA:24,89
DA:25,89
DA:26,89
DA:27,89
DA:28,89
DA:29,89
DA:30,89
DA:31,89
DA:32,89
DA:33,89
DA:34,89
DA:35,89
DA:36,89
DA:37,89
DA:38,89
DA:39,89
DA:40,1
DA:41,1
LF:41
LH:41
BRDA:3,0,0,89
BRDA:30,1,0,2
BRDA:30,2,0,87
BRDA:31,3,0,2
BRDA:31,4,0,87
BRDA:7,5,0,87
BRDA:11,6,0,3
BRDA:12,7,0,2
BRDA:22,8,0,87
BRF:9
BRH:9
end_of_record
TN:
SF:src/components/shared/Button.jsx
FN:15,Button
FNF:1
FNH:1
FNDA:140,Button
DA:1,1
DA:2,1
DA:3,1
DA:4,1
DA:5,1
DA:6,1
DA:7,1
DA:8,1
DA:9,1
DA:10,1
DA:11,1
DA:12,1
DA:13,1
DA:14,1
DA:15,140
DA:16,140
DA:17,140
DA:18,140
DA:19,2
DA:20,2
DA:21,138
DA:22,140
DA:23,127
DA:24,127
DA:25,11
DA:26,11
DA:27,11
LF:27
LH:27
BRDA:15,0,0,140
BRDA:18,1,0,2
BRDA:20,2,0,138
BRDA:22,3,0,127
BRDA:24,4,0,11
BRF:5
BRH:5
end_of_record
TN:
SF:src/components/shared/Card.jsx
FN:4,Card2
FNF:1
FNH:1
FNDA:182,Card2
DA:1,1
DA:2,1
DA:3,1
DA:4,1
DA:5,182
DA:6,182
DA:7,182
DA:8,182
DA:9,182
DA:10,182
DA:11,182
DA:12,182
DA:13,182
DA:14,182
DA:15,182
DA:16,1
DA:17,1
LF:17
LH:17
BRDA:4,0,0,182
BRDA:7,1,0,181
BRDA:7,2,0,1
BRDA:9,3,0,1
BRDA:9,4,0,181
BRF:5
BRH:5
end_of_record
TN:
SF:src/components/shared/ErrorBoundary.jsx
FN:4,ErrorBoundary
FN:9,getDerivedStateFromError
FN:13,componentDidCatch
FN:17,render
FN:27,onClick
FNF:5
FNH:5
FNDA:12,ErrorBoundary
FNDA:7,getDerivedStateFromError
FNDA:3,componentDidCatch
FNDA:17,render
FNDA:1,onClick
DA:1,1
DA:2,1
DA:3,1
DA:4,1
DA:5,12
DA:6,12
DA:7,12
DA:8,1
DA:9,1
DA:10,7
DA:11,7
DA:12,1
DA:13,1
DA:14,3
DA:15,3
DA:16,1
DA:17,1
DA:18,17
DA:19,6
DA:20,6
DA:21,6
DA:22,6
DA:23,6
DA:24,6
DA:25,6
DA:26,6
DA:27,6
DA:28,6
DA:29,6
DA:30,6
DA:31,6
DA:32,6
DA:33,6
DA:34,6
DA:35,6
DA:36,11
DA:37,11
DA:38,17
DA:39,1
LF:39
LH:39
BRDA:4,0,0,12
BRDA:9,1,0,7
BRDA:13,2,0,3
BRDA:17,3,0,17
BRDA:18,4,0,6
BRDA:35,5,0,11
BRDA:27,6,0,1
BRF:7
BRH:7
end_of_record
TN:
SF:src/components/shared/Icon.jsx
FN:67,Icon
FNF:1
FNH:1
FNDA:675,Icon
DA:1,1
DA:2,1
DA:3,1
DA:4,1
DA:5,1
DA:6,1
DA:7,1
DA:8,1
DA:9,1
DA:10,1
DA:11,1
DA:12,1
DA:13,1
DA:14,1
DA:15,1
DA:16,1
DA:17,1
DA:18,1
DA:19,1
DA:20,1
DA:21,1
DA:22,1
DA:23,1
DA:24,1
DA:25,1
DA:26,1
DA:27,1
DA:28,1
DA:29,1
DA:30,1
DA:31,1
DA:32,1
DA:33,1
DA:34,1
DA:35,1
DA:36,1
DA:37,1
DA:38,1
DA:39,1
DA:40,1
DA:41,1
DA:42,1
DA:43,1
DA:44,1
DA:45,1
DA:46,1
DA:47,1
DA:48,1
DA:49,1
DA:50,1
DA:51,1
DA:52,1
DA:53,1
DA:54,1
DA:55,1
DA:56,1
DA:57,1
DA:58,1
DA:59,1
DA:60,1
DA:61,1
DA:62,1
DA:63,1
DA:64,1
DA:65,1
DA:66,1
DA:67,675
DA:68,675
DA:69,675
DA:70,675
DA:71,675
DA:72,675
DA:73,675
DA:74,675
DA:75,675
DA:76,675
DA:77,675
DA:78,675
DA:79,675
DA:80,675
DA:81,675
DA:82,675
LF:82
LH:82
BRDA:67,0,0,675
BRDA:79,1,0,1
BRF:2
BRH:2
end_of_record
TN:
SF:src/components/shared/SectionHeading.jsx
FN:3,SectionHeading2
FNF:1
FNH:1
FNDA:69,SectionHeading2
DA:1,1
DA:2,1
DA:3,1
DA:4,69
DA:5,69
DA:6,69
DA:7,69
DA:8,69
DA:9,69
DA:10,69
DA:11,63
DA:12,69
DA:13,69
DA:14,69
DA:15,69
DA:16,1
DA:17,1
LF:17
LH:17
BRDA:3,0,0,69
BRDA:4,1,0,68
BRDA:4,2,0,1
BRDA:7,3,0,68
BRDA:7,4,0,1
BRDA:10,5,0,63
BRF:6
BRH:6
end_of_record
TN:
SF:src/constants/features.js
FNF:0
FNH:0
DA:1,1
DA:2,1
DA:3,1
DA:4,1
DA:5,1
DA:6,1
DA:7,1
DA:8,1
DA:9,1
DA:10,1
DA:11,1
DA:12,1
DA:13,1
DA:14,1
DA:15,1
DA:16,1
DA:17,1
DA:18,1
DA:19,1
DA:20,1
DA:21,1
DA:22,1
DA:23,1
DA:24,1
DA:25,1
DA:26,1
DA:27,1
DA:28,1
DA:29,1
DA:30,1
DA:31,1
DA:32,1
DA:33,1
DA:34,1
DA:35,1
DA:36,1
DA:37,1
DA:38,1
DA:39,1
DA:40,1
DA:41,1
DA:42,1
DA:43,1
DA:44,1
DA:45,1
DA:46,1
DA:47,1
DA:48,1
DA:49,1
DA:50,1
DA:51,1
DA:52,1
DA:53,1
DA:54,1
DA:55,1
DA:56,1
DA:57,1
DA:58,1
DA:59,1
DA:60,1
DA:61,1
DA:62,1
LF:62
LH:62
BRF:0
BRH:0
end_of_record
TN:
SF:src/constants/products.js
FNF:0
FNH:0
DA:1,1
DA:2,1
DA:3,1
DA:4,1
DA:5,1
DA:6,1
DA:7,1
DA:8,1
DA:9,1
DA:10,1
DA:11,1
DA:12,1
DA:13,1
DA:14,1
DA:15,1
DA:16,1
DA:17,1
DA:18,1
DA:19,1
DA:20,1
DA:21,1
DA:22,1
DA:23,1
DA:24,1
DA:25,1
DA:26,1
DA:27,1
DA:28,1
DA:29,1
DA:30,1
DA:31,1
DA:32,1
DA:33,1
DA:34,1
LF:34
LH:34
BRF:0
BRH:0
end_of_record
TN:
SF:src/pages/HomePage.jsx
FN:8,HomePage
FNF:1
FNH:1
FNDA:10,HomePage
DA:1,1
DA:2,1
DA:3,1
DA:4,1
DA:5,1
DA:6,1
DA:7,1
DA:8,10
DA:9,10
DA:10,10
DA:11,10
DA:12,10
DA:13,10
DA:14,10
DA:15,10
DA:16,10
DA:17,10
DA:18,10
DA:19,10
LF:19
LH:19
BRDA:8,0,0,10
BRF:1
BRH:1
end_of_record
