TN:
SF:src/App.jsx
FN:7,App
FNF:1
FNH:1
FNDA:3,App
DA:1,1
DA:2,1
DA:3,1
DA:4,1
DA:5,1
DA:6,1
DA:7,3
DA:8,3
DA:9,3
DA:10,3
DA:11,3
DA:12,3
DA:13,3
DA:14,3
DA:15,3
DA:16,3
DA:17,3
LF:17
LH:17
BRDA:5,0,0,1
BRDA:7,1,0,3
BRF:2
BRH:2
end_of_record
TN:
SF:src/components/home/CTA.jsx
FN:6,CTA
FNF:1
FNH:1
FNDA:13,CTA
DA:1,1
DA:2,1
DA:3,1
DA:4,1
DA:5,1
DA:6,13
DA:7,13
DA:8,13
DA:9,13
DA:10,13
DA:11,13
DA:12,13
DA:13,13
DA:14,13
DA:15,13
DA:16,13
DA:17,13
DA:18,13
DA:19,13
DA:20,13
DA:21,13
DA:22,13
DA:23,13
DA:24,13
DA:25,13
DA:26,13
DA:27,13
DA:28,13
DA:29,13
DA:30,13
DA:31,13
DA:32,13
DA:33,13
DA:34,13
DA:35,13
DA:36,13
DA:37,13
DA:38,13
DA:39,13
DA:40,13
DA:41,13
DA:42,13
DA:43,13
DA:44,13
LF:44
LH:44
BRDA:6,0,0,13
BRF:1
BRH:1
end_of_record
TN:
SF:src/components/home/Categories.jsx
FN:8,Categories
FNF:1
FNH:1
FNDA:14,Categories
DA:1,1
DA:2,1
DA:3,1
DA:4,1
DA:5,1
DA:6,1
DA:7,1
DA:8,14
DA:9,14
DA:10,14
DA:11,14
DA:12,14
DA:13,14
DA:14,14
DA:15,14
DA:16,14
DA:17,14
DA:18,14
DA:19,84
DA:20,84
DA:21,84
DA:22,84
DA:23,84
DA:24,84
DA:25,84
DA:26,84
DA:27,84
DA:28,84
DA:29,84
DA:30,84
DA:31,84
DA:32,84
DA:33,84
DA:34,84
DA:35,84
DA:36,84
DA:37,84
DA:38,84
DA:39,84
DA:40,84
DA:41,14
DA:42,14
DA:43,14
DA:44,14
DA:45,14
DA:46,14
LF:46
LH:46
BRDA:8,0,0,14
BRDA:18,1,0,84
BRF:2
BRH:2
end_of_record
TN:
SF:src/components/home/Features.jsx
FN:8,Features
FNF:1
FNH:1
FNDA:13,Features
DA:1,1
DA:2,1
DA:3,1
DA:4,1
DA:5,1
DA:6,1
DA:7,1
DA:8,13
DA:9,13
DA:10,13
DA:11,13
DA:12,13
DA:13,13
DA:14,13
DA:15,13
DA:16,13
DA:17,13
DA:18,13
DA:19,78
DA:20,78
DA:21,78
DA:22,78
DA:23,78
DA:24,78
DA:25,78
DA:26,78
DA:27,78
DA:28,78
DA:29,78
DA:30,78
DA:31,78
DA:32,78
DA:33,78
DA:34,13
DA:35,13
DA:36,13
DA:37,13
DA:38,13
DA:39,13
LF:39
LH:39
BRDA:8,0,0,13
BRDA:18,1,0,78
BRF:2
BRH:2
end_of_record
TN:
SF:src/components/home/Hero.jsx
FN:11,Hero
FNF:1
FNH:1
FNDA:16,Hero
DA:1,1
DA:2,1
DA:3,1
DA:4,1
DA:5,1
DA:6,1
DA:7,1
DA:8,1
DA:9,1
DA:10,1
DA:11,16
DA:12,16
DA:13,16
DA:14,16
DA:15,16
DA:16,16
DA:17,16
DA:18,16
DA:19,16
DA:20,16
DA:21,16
DA:22,16
DA:23,16
DA:24,16
DA:25,16
DA:26,16
DA:27,16
DA:28,16
DA:29,16
DA:30,16
DA:31,16
DA:32,16
DA:33,16
DA:34,16
DA:35,16
DA:36,16
DA:37,16
DA:38,16
DA:39,16
DA:40,16
DA:41,16
DA:42,16
DA:43,16
DA:44,16
DA:45,16
DA:46,16
DA:47,16
DA:48,16
DA:49,16
DA:50,16
DA:51,16
DA:52,16
DA:53,16
DA:54,16
DA:55,16
DA:56,16
DA:57,16
DA:58,16
DA:59,16
DA:60,16
DA:61,16
DA:62,16
DA:63,16
DA:64,16
DA:65,16
DA:66,16
DA:67,16
DA:68,16
DA:69,16
DA:70,16
DA:71,16
DA:72,16
DA:73,16
DA:74,16
DA:75,16
DA:76,16
DA:77,48
DA:78,48
DA:79,48
DA:80,48
DA:81,16
DA:82,16
DA:83,16
DA:84,16
DA:85,16
DA:86,16
DA:87,16
LF:87
LH:87
BRDA:11,0,0,16
BRDA:76,1,0,48
BRF:2
BRH:2
end_of_record
TN:
SF:src/components/home/ONDC.jsx
FN:7,ONDC
FNF:1
FNH:1
FNDA:15,ONDC
DA:1,1
DA:2,1
DA:3,1
DA:4,1
DA:5,1
DA:6,1
DA:7,15
DA:8,15
DA:9,15
DA:10,15
DA:11,15
DA:12,15
DA:13,15
DA:14,15
DA:15,15
DA:16,15
DA:17,15
DA:18,15
DA:19,15
DA:20,15
DA:21,15
DA:22,15
DA:23,15
DA:24,15
DA:25,15
DA:26,15
DA:27,15
DA:28,15
DA:29,15
DA:30,15
DA:31,15
DA:32,15
DA:33,15
DA:34,15
DA:35,15
DA:36,15
DA:37,15
DA:38,15
DA:39,15
DA:40,15
DA:41,15
DA:42,15
DA:43,15
DA:44,45
DA:45,45
DA:46,45
DA:47,45
DA:48,45
DA:49,45
DA:50,45
DA:51,45
DA:52,45
DA:53,45
DA:54,45
DA:55,45
DA:56,45
DA:57,45
DA:58,45
DA:59,45
DA:60,45
DA:61,45
DA:62,45
DA:63,45
DA:64,45
DA:65,15
DA:66,15
DA:67,15
DA:68,15
DA:69,15
DA:70,15
DA:71,15
LF:71
LH:71
BRDA:7,0,0,15
BRDA:43,1,0,45
BRF:2
BRH:2
end_of_record
TN:
SF:src/components/home/Products.jsx
FN:8,Products
FNF:1
FNH:1
FNDA:16,Products
DA:1,1
DA:2,1
DA:3,1
DA:4,1
DA:5,1
DA:6,1
DA:7,1
DA:8,16
DA:9,16
DA:10,16
DA:11,16
DA:12,16
DA:13,16
DA:14,16
DA:15,16
DA:16,16
DA:17,16
DA:18,16
DA:19,32
DA:20,32
DA:21,32
DA:22,32
DA:23,32
DA:24,32
DA:25,32
DA:26,32
DA:27,32
DA:28,32
DA:29,32
DA:30,32
DA:31,32
DA:32,32
DA:33,32
DA:34,32
DA:35,32
DA:36,32
DA:37,32
DA:38,32
DA:39,32
DA:40,32
DA:41,32
DA:42,32
DA:43,32
DA:44,32
DA:45,192
DA:46,192
DA:47,192
DA:48,192
DA:49,32
DA:50,32
DA:51,32
DA:52,32
DA:53,32
DA:54,32
DA:55,32
DA:56,32
DA:57,16
DA:58,16
DA:59,16
DA:60,16
DA:61,16
DA:62,16
LF:62
LH:62
BRDA:8,0,0,16
BRDA:18,1,0,32
BRDA:29,2,0,16
BRDA:29,3,0,16
BRDA:34,4,0,16
BRDA:34,5,0,16
BRDA:44,6,0,192
BRF:7
BRH:7
end_of_record
TN:
SF:src/components/layout/Footer.jsx
FN:27,Footer
FNF:1
FNH:1
FNDA:17,Footer
DA:1,1
DA:2,1
DA:3,1
DA:4,1
DA:5,1
DA:6,1
DA:7,1
DA:8,1
DA:9,1
DA:10,1
DA:11,1
DA:12,1
DA:13,1
DA:14,1
DA:15,1
DA:16,1
DA:17,1
DA:18,1
DA:19,1
DA:20,1
DA:21,1
DA:22,1
DA:23,1
DA:24,1
DA:25,1
DA:26,1
DA:27,17
DA:28,17
DA:29,17
DA:30,17
DA:31,17
DA:32,17
DA:33,17
DA:34,17
DA:35,17
DA:36,17
DA:37,17
DA:38,17
DA:39,17
DA:40,17
DA:41,17
DA:42,17
DA:43,17
DA:44,17
DA:45,17
DA:46,17
DA:47,17
DA:48,17
DA:49,17
DA:50,17
DA:51,17
DA:52,17
DA:53,17
DA:54,17
DA:55,17
DA:56,17
DA:57,51
DA:58,51
DA:59,51
DA:60,51
DA:61,102
DA:62,102
DA:63,102
DA:64,102
DA:65,102
DA:66,102
DA:67,102
DA:68,102
DA:69,102
DA:70,102
DA:71,51
DA:72,51
DA:73,51
DA:74,17
DA:75,17
DA:76,17
DA:77,17
DA:78,17
DA:79,17
DA:80,17
DA:81,17
DA:82,17
DA:83,17
DA:84,17
DA:85,17
DA:86,17
DA:87,17
DA:88,17
DA:89,17
DA:90,17
DA:91,17
DA:92,17
DA:93,17
LF:93
LH:93
BRDA:27,0,0,17
BRDA:56,1,0,51
BRDA:60,2,0,102
BRF:3
BRH:3
end_of_record
TN:
SF:src/components/layout/Layout.jsx
FN:6,Layout
FNF:1
FNH:1
FNDA:7,Layout
DA:1,1
DA:2,1
DA:3,1
DA:4,1
DA:5,1
DA:6,7
DA:7,7
DA:8,7
DA:9,7
DA:10,6
DA:11,7
DA:12,7
DA:13,7
DA:14,7
DA:15,7
DA:16,7
DA:17,7
DA:18,7
DA:19,7
DA:20,7
DA:21,7
DA:22,7
LF:22
LH:22
BRDA:6,0,0,7
BRDA:9,1,0,6
BRF:2
BRH:2
end_of_record
TN:
SF:src/components/layout/Navbar.jsx
FN:13,Navbar
FN:19,onScroll
FN:28,handleAnchorClick
FN:60,onClick
FN:75,onClick
FN:90,onClick
FNF:6
FNH:6
FNDA:30,Navbar
FNDA:3,onScroll
FNDA:3,handleAnchorClick
FNDA:2,onClick
FNDA:3,onClick
FNDA:1,onClick
DA:1,1
DA:2,1
DA:3,1
DA:4,1
DA:5,1
DA:6,1
DA:7,1
DA:8,1
DA:9,1
DA:10,1
DA:11,1
DA:12,1
DA:13,30
DA:14,30
DA:15,30
DA:16,30
DA:17,30
DA:18,30
DA:19,18
DA:20,18
DA:21,18
DA:22,30
DA:23,30
DA:24,30
DA:25,18
DA:26,30
DA:27,30
DA:28,30
DA:29,3
DA:30,3
DA:31,3
DA:32,3
DA:33,3
DA:34,2
DA:35,2
DA:36,3
DA:37,30
DA:38,30
DA:39,30
DA:40,30
DA:41,30
DA:42,8
DA:43,22
DA:44,30
DA:45,30
DA:46,30
DA:47,30
DA:48,30
DA:49,30
DA:50,30
DA:51,30
DA:52,30
DA:53,30
DA:54,30
DA:55,30
DA:56,30
DA:57,120
DA:58,120
DA:59,120
DA:60,120
DA:61,120
DA:62,120
DA:63,120
DA:64,120
DA:65,30
DA:66,30
DA:67,30
DA:68,30
DA:69,30
DA:70,30
DA:71,30
DA:72,30
DA:73,30
DA:74,30
DA:75,30
DA:76,30
DA:77,30
DA:78,30
DA:79,30
DA:80,30
DA:81,30
DA:82,30
DA:83,30
DA:84,4
DA:85,4
DA:86,4
DA:87,16
DA:88,16
DA:89,16
DA:90,16
DA:91,16
DA:92,16
DA:93,16
DA:94,16
DA:95,4
DA:96,4
DA:97,4
DA:98,4
DA:99,4
DA:100,4
DA:101,4
DA:102,4
DA:103,4
DA:104,30
DA:105,30
DA:106,30
DA:107,30
LF:107
LH:107
BRDA:13,0,0,30
BRDA:41,1,0,26
BRDA:41,2,0,8
BRDA:42,3,0,22
BRDA:77,4,0,4
BRDA:77,5,0,26
BRDA:83,6,0,4
BRDA:18,7,0,18
BRDA:19,8,0,3
BRDA:21,9,0,18
BRDA:24,10,0,18
BRDA:28,11,0,3
BRDA:33,12,0,2
BRDA:56,13,0,120
BRDA:60,14,0,2
BRDA:75,15,0,3
BRDA:86,16,0,16
BRDA:90,17,0,1
BRF:18
BRH:18
end_of_record
TN:
SF:src/components/shared/AnimatedSection.jsx
FN:4,AnimatedSection2
FNF:1
FNH:1
FNDA:76,AnimatedSection2
DA:1,1
DA:2,1
DA:3,1
DA:4,1
DA:5,76
DA:6,76
DA:7,76
DA:8,76
DA:9,76
DA:10,76
DA:11,76
DA:12,76
DA:13,76
DA:14,76
DA:15,76
DA:16,76
DA:17,1
DA:18,1
LF:18
LH:18
BRDA:4,0,0,76
BRF:1
BRH:1
end_of_record
TN:
SF:src/components/shared/Button.jsx
FN:15,Button
FNF:1
FNH:1
FNDA:133,Button
DA:1,1
DA:2,1
DA:3,1
DA:4,1
DA:5,1
DA:6,1
DA:7,1
DA:8,1
DA:9,1
DA:10,1
DA:11,1
DA:12,1
DA:13,1
DA:14,1
DA:15,133
DA:16,133
DA:17,133
DA:18,133
DA:19,2
DA:20,2
DA:21,131
DA:22,133
DA:23,120
DA:24,120
DA:25,11
DA:26,11
DA:27,11
LF:27
LH:27
BRDA:15,0,0,133
BRDA:18,1,0,2
BRDA:20,2,0,131
BRDA:22,3,0,120
BRDA:24,4,0,11
BRF:5
BRH:5
end_of_record
TN:
SF:src/components/shared/Card.jsx
FN:4,Card2
FNF:1
FNH:1
FNDA:170,Card2
DA:1,1
DA:2,1
DA:3,1
DA:4,1
DA:5,170
DA:6,170
DA:7,170
DA:8,170
DA:9,170
DA:10,170
DA:11,170
DA:12,170
DA:13,170
DA:14,170
DA:15,170
DA:16,1
DA:17,1
LF:17
LH:17
BRDA:4,0,0,170
BRDA:7,1,0,169
BRDA:7,2,0,1
BRDA:9,3,0,1
BRDA:9,4,0,169
BRF:5
BRH:5
end_of_record
TN:
SF:src/components/shared/Icon.jsx
FN:67,Icon
FNF:1
FNH:1
FNDA:636,Icon
DA:1,1
DA:2,1
DA:3,1
DA:4,1
DA:5,1
DA:6,1
DA:7,1
DA:8,1
DA:9,1
DA:10,1
DA:11,1
DA:12,1
DA:13,1
DA:14,1
DA:15,1
DA:16,1
DA:17,1
DA:18,1
DA:19,1
DA:20,1
DA:21,1
DA:22,1
DA:23,1
DA:24,1
DA:25,1
DA:26,1
DA:27,1
DA:28,1
DA:29,1
DA:30,1
DA:31,1
DA:32,1
DA:33,1
DA:34,1
DA:35,1
DA:36,1
DA:37,1
DA:38,1
DA:39,1
DA:40,1
DA:41,1
DA:42,1
DA:43,1
DA:44,1
DA:45,1
DA:46,1
DA:47,1
DA:48,1
DA:49,1
DA:50,1
DA:51,1
DA:52,1
DA:53,1
DA:54,1
DA:55,1
DA:56,1
DA:57,1
DA:58,1
DA:59,1
DA:60,1
DA:61,1
DA:62,1
DA:63,1
DA:64,1
DA:65,1
DA:66,1
DA:67,636
DA:68,636
DA:69,636
DA:70,636
DA:71,636
DA:72,636
DA:73,636
DA:74,636
DA:75,636
DA:76,636
DA:77,636
DA:78,636
DA:79,636
DA:80,636
DA:81,636
DA:82,636
LF:82
LH:82
BRDA:67,0,0,636
BRDA:79,1,0,1
BRF:2
BRH:2
end_of_record
TN:
SF:src/components/shared/SectionHeading.jsx
FN:3,SectionHeading2
FNF:1
FNH:1
FNDA:65,SectionHeading2
DA:1,1
DA:2,1
DA:3,1
DA:4,65
DA:5,65
DA:6,65
DA:7,65
DA:8,65
DA:9,65
DA:10,65
DA:11,59
DA:12,65
DA:13,65
DA:14,65
DA:15,65
DA:16,1
DA:17,1
LF:17
LH:17
BRDA:3,0,0,65
BRDA:4,1,0,64
BRDA:4,2,0,1
BRDA:7,3,0,64
BRDA:7,4,0,1
BRDA:10,5,0,59
BRF:6
BRH:6
end_of_record
TN:
SF:src/constants/features.js
FNF:0
FNH:0
DA:1,1
DA:2,1
DA:3,1
DA:4,1
DA:5,1
DA:6,1
DA:7,1
DA:8,1
DA:9,1
DA:10,1
DA:11,1
DA:12,1
DA:13,1
DA:14,1
DA:15,1
DA:16,1
DA:17,1
DA:18,1
DA:19,1
DA:20,1
DA:21,1
DA:22,1
DA:23,1
DA:24,1
DA:25,1
DA:26,1
DA:27,1
DA:28,1
DA:29,1
DA:30,1
DA:31,1
DA:32,1
DA:33,1
DA:34,1
DA:35,1
DA:36,1
DA:37,1
DA:38,1
DA:39,1
DA:40,1
DA:41,1
DA:42,1
DA:43,1
DA:44,1
DA:45,1
DA:46,1
DA:47,1
DA:48,1
DA:49,1
DA:50,1
DA:51,1
DA:52,1
DA:53,1
DA:54,1
DA:55,1
DA:56,1
DA:57,1
DA:58,1
DA:59,1
DA:60,1
DA:61,1
DA:62,1
LF:62
LH:62
BRF:0
BRH:0
end_of_record
TN:
SF:src/constants/products.js
FNF:0
FNH:0
DA:1,1
DA:2,1
DA:3,1
DA:4,1
DA:5,1
DA:6,1
DA:7,1
DA:8,1
DA:9,1
DA:10,1
DA:11,1
DA:12,1
DA:13,1
DA:14,1
DA:15,1
DA:16,1
DA:17,1
DA:18,1
DA:19,1
DA:20,1
DA:21,1
DA:22,1
DA:23,1
DA:24,1
DA:25,1
DA:26,1
DA:27,1
DA:28,1
DA:29,1
DA:30,1
DA:31,1
DA:32,1
DA:33,1
DA:34,1
LF:34
LH:34
BRF:0
BRH:0
end_of_record
TN:
SF:src/pages/HomePage.jsx
FN:8,HomePage
FNF:1
FNH:1
FNDA:9,HomePage
DA:1,1
DA:2,1
DA:3,1
DA:4,1
DA:5,1
DA:6,1
DA:7,1
DA:8,9
DA:9,9
DA:10,9
DA:11,9
DA:12,9
DA:13,9
DA:14,9
DA:15,9
DA:16,9
DA:17,9
DA:18,9
DA:19,9
LF:19
LH:19
BRDA:8,0,0,9
BRF:1
BRH:1
end_of_record
