TN:
SF:src/App.jsx
FN:9,App
FNF:1
FNH:1
FNDA:6,App
DA:1,1
DA:2,1
DA:3,1
DA:4,1
DA:5,1
DA:6,1
DA:7,1
DA:8,1
DA:9,6
DA:10,6
DA:11,6
DA:12,6
DA:13,6
DA:14,6
DA:15,6
DA:16,6
DA:17,6
DA:18,6
DA:19,6
DA:20,6
DA:21,6
LF:21
LH:21
BRDA:9,0,0,6
BRF:1
BRH:1
end_of_record
TN:
SF:src/components/home/Actions.jsx
FN:7,ActionChip
FN:31,Actions
FNF:2
FNH:2
FNDA:252,ActionChip
FNDA:18,Actions
DA:1,1
DA:2,1
DA:3,1
DA:4,1
DA:5,1
DA:6,1
DA:7,252
DA:8,252
DA:9,252
DA:10,252
DA:11,252
DA:12,252
DA:13,252
DA:14,252
DA:15,252
DA:16,108
DA:17,144
DA:18,252
DA:19,252
DA:20,252
DA:21,252
DA:22,252
DA:23,252
DA:24,252
DA:25,252
DA:26,252
DA:27,252
DA:28,252
DA:29,252
DA:30,1
DA:31,18
DA:32,18
DA:33,18
DA:34,18
DA:35,18
DA:36,18
DA:37,18
DA:38,18
DA:39,18
DA:40,18
DA:41,18
DA:42,18
DA:43,18
DA:44,144
DA:45,18
DA:46,18
DA:47,18
DA:48,18
DA:49,18
DA:50,18
DA:51,18
DA:52,18
DA:53,108
DA:54,18
DA:55,18
DA:56,18
DA:57,18
DA:58,18
DA:59,18
DA:60,18
LF:60
LH:60
BRDA:7,0,0,252
BRDA:15,1,0,108
BRDA:16,2,0,144
BRDA:20,3,0,108
BRDA:20,4,0,144
BRDA:22,5,0,108
BRDA:22,6,0,144
BRDA:31,7,0,18
BRDA:43,8,0,144
BRDA:52,9,0,108
BRF:10
BRH:10
end_of_record
TN:
SF:src/components/home/CTA.jsx
FN:6,CTA
FNF:1
FNH:1
FNDA:48,CTA
DA:1,1
DA:2,1
DA:3,1
DA:4,1
DA:5,1
DA:6,48
DA:7,48
DA:8,48
DA:9,48
DA:10,48
DA:11,48
DA:12,48
DA:13,48
DA:14,48
DA:15,48
DA:16,48
DA:17,48
DA:18,48
DA:19,48
DA:20,48
DA:21,48
DA:22,48
DA:23,48
DA:24,48
DA:25,48
DA:26,48
DA:27,48
DA:28,48
DA:29,48
DA:30,48
DA:31,48
DA:32,48
DA:33,48
DA:34,48
DA:35,48
DA:36,48
DA:37,48
DA:38,48
DA:39,48
DA:40,48
DA:41,48
DA:42,48
DA:43,48
DA:44,48
LF:44
LH:44
BRDA:6,0,0,48
BRF:1
BRH:1
end_of_record
TN:
SF:src/components/home/Comparison.jsx
FN:6,Comparison
FNF:1
FNH:1
FNDA:10,Comparison
DA:1,1
DA:2,1
DA:3,1
DA:4,1
DA:5,1
DA:6,10
DA:7,10
DA:8,10
DA:9,10
DA:10,10
DA:11,10
DA:12,10
DA:13,10
DA:14,10
DA:15,10
DA:16,10
DA:17,10
DA:18,10
DA:19,10
DA:20,10
DA:21,10
DA:22,30
DA:23,30
DA:24,30
DA:25,30
DA:26,30
DA:27,30
DA:28,30
DA:29,30
DA:30,10
DA:31,10
DA:32,10
DA:33,10
DA:34,10
DA:35,90
DA:36,90
DA:37,90
DA:38,270
DA:39,270
DA:40,240
DA:41,110
DA:42,130
DA:43,130
DA:44,30
DA:45,30
DA:46,30
DA:47,30
DA:48,30
DA:49,30
DA:50,30
DA:51,30
DA:52,30
DA:53,270
DA:54,270
DA:55,90
DA:56,90
DA:57,10
DA:58,10
DA:59,10
DA:60,10
DA:61,10
DA:62,10
DA:63,10
DA:64,10
DA:65,10
LF:65
LH:65
BRDA:6,0,0,10
BRDA:21,1,0,30
BRDA:25,2,0,10
BRDA:25,3,0,20
BRDA:34,4,0,90
BRDA:35,5,0,80
BRDA:35,6,0,10
BRDA:37,7,0,270
BRDA:39,8,0,240
BRDA:40,9,0,110
BRDA:41,10,0,130
BRDA:43,11,0,30
BRDA:48,12,0,10
BRDA:48,13,0,20
BRF:14
BRH:14
end_of_record
TN:
SF:src/components/home/Demo.jsx
FN:27,Demo
FNF:1
FNH:1
FNDA:17,Demo
DA:1,1
DA:2,1
DA:3,1
DA:4,1
DA:5,1
DA:6,1
DA:7,1
DA:8,1
DA:9,1
DA:10,1
DA:11,1
DA:12,1
DA:13,1
DA:14,1
DA:15,1
DA:16,1
DA:17,1
DA:18,1
DA:19,1
DA:20,1
DA:21,1
DA:22,1
DA:23,1
DA:24,1
DA:25,1
DA:26,1
DA:27,17
DA:28,17
DA:29,17
DA:30,17
DA:31,17
DA:32,17
DA:33,17
DA:34,17
DA:35,17
DA:36,17
DA:37,17
DA:38,51
DA:39,51
DA:40,51
DA:41,51
DA:42,51
DA:43,51
DA:44,51
DA:45,51
DA:46,51
DA:47,51
DA:48,51
DA:49,51
DA:50,51
DA:51,51
DA:52,238
DA:53,238
DA:54,238
DA:55,238
DA:56,238
DA:57,238
DA:58,51
DA:59,51
DA:60,51
DA:61,51
DA:62,17
DA:63,17
DA:64,17
DA:65,17
DA:66,17
DA:67,17
LF:67
LH:67
BRDA:27,0,0,17
BRDA:37,1,0,51
BRDA:51,2,0,238
BRF:3
BRH:3
end_of_record
TN:
SF:src/components/home/FAQ.jsx
FN:8,FAQItem
FN:43,FAQ
FN:61,onToggle
FNF:3
FNH:3
FNDA:207,FAQItem
FNDA:31,FAQ
FNDA:6,onToggle
DA:1,1
DA:2,1
DA:3,1
DA:4,1
DA:5,1
DA:6,1
DA:7,1
DA:8,207
DA:9,207
DA:10,207
DA:11,207
DA:12,207
DA:13,207
DA:14,207
DA:15,207
DA:16,207
DA:17,207
DA:18,207
DA:19,207
DA:20,207
DA:21,207
DA:22,207
DA:23,207
DA:24,207
DA:25,207
DA:26,207
DA:27,207
DA:28,5
DA:29,5
DA:30,5
DA:31,5
DA:32,5
DA:33,5
DA:34,5
DA:35,5
DA:36,5
DA:37,207
DA:38,207
DA:39,207
DA:40,207
DA:41,207
DA:42,1
DA:43,31
DA:44,31
DA:45,31
DA:46,31
DA:47,31
DA:48,31
DA:49,31
DA:50,31
DA:51,31
DA:52,31
DA:53,31
DA:54,31
DA:55,31
DA:56,31
DA:57,207
DA:58,207
DA:59,207
DA:60,207
DA:61,207
DA:62,207
DA:63,31
DA:64,31
DA:65,31
DA:66,31
DA:67,31
DA:68,31
LF:68
LH:68
BRDA:8,0,0,207
BRDA:15,1,0,5
BRDA:15,2,0,202
BRDA:19,3,0,5
BRDA:19,4,0,202
BRDA:27,5,0,5
BRDA:43,6,0,31
BRDA:45,7,0,25
BRDA:45,8,0,6
BRDA:56,9,0,207
BRDA:61,10,0,6
BRDA:61,11,0,1
BRDA:61,12,0,5
BRF:13
BRH:13
end_of_record
TN:
SF:src/components/home/Features.jsx
FN:7,Features
FNF:1
FNH:1
FNDA:15,Features
DA:1,1
DA:2,1
DA:3,1
DA:4,1
DA:5,1
DA:6,1
DA:7,15
DA:8,15
DA:9,15
DA:10,15
DA:11,15
DA:12,15
DA:13,15
DA:14,15
DA:15,15
DA:16,15
DA:17,15
DA:18,90
DA:19,90
DA:20,90
DA:21,90
DA:22,90
DA:23,90
DA:24,90
DA:25,90
DA:26,90
DA:27,15
DA:28,15
DA:29,15
DA:30,15
DA:31,15
DA:32,15
LF:32
LH:32
BRDA:7,0,0,15
BRDA:17,1,0,90
BRF:2
BRH:2
end_of_record
TN:
SF:src/components/home/Hero.jsx
FN:15,Hero
FNF:1
FNH:1
FNDA:21,Hero
DA:1,1
DA:2,1
DA:3,1
DA:4,1
DA:5,1
DA:6,1
DA:7,1
DA:8,1
DA:9,1
DA:10,1
DA:11,1
DA:12,1
DA:13,1
DA:14,1
DA:15,21
DA:16,21
DA:17,21
DA:18,21
DA:19,21
DA:20,21
DA:21,21
DA:22,21
DA:23,21
DA:24,21
DA:25,21
DA:26,21
DA:27,21
DA:28,21
DA:29,21
DA:30,21
DA:31,21
DA:32,21
DA:33,21
DA:34,21
DA:35,21
DA:36,21
DA:37,21
DA:38,21
DA:39,21
DA:40,21
DA:41,21
DA:42,21
DA:43,21
DA:44,21
DA:45,21
DA:46,21
DA:47,21
DA:48,21
DA:49,21
DA:50,21
DA:51,21
DA:52,21
DA:53,21
DA:54,21
DA:55,21
DA:56,21
DA:57,21
DA:58,21
DA:59,21
DA:60,21
DA:61,21
DA:62,21
DA:63,21
DA:64,21
DA:65,21
DA:66,21
DA:67,21
DA:68,21
DA:69,21
DA:70,21
DA:71,21
DA:72,21
DA:73,21
DA:74,21
DA:75,21
DA:76,21
DA:77,21
DA:78,21
DA:79,21
DA:80,21
DA:81,21
DA:82,21
DA:83,21
DA:84,21
DA:85,21
DA:86,21
DA:87,21
DA:88,21
DA:89,21
DA:90,21
DA:91,21
DA:92,21
DA:93,21
DA:94,21
DA:95,21
DA:96,21
DA:97,21
DA:98,21
DA:99,21
DA:100,21
DA:101,21
DA:102,21
DA:103,21
DA:104,21
DA:105,21
DA:106,21
DA:107,21
DA:108,21
DA:109,21
DA:110,21
DA:111,147
DA:112,147
DA:113,147
DA:114,147
DA:115,147
DA:116,147
DA:117,147
DA:118,147
DA:119,42
DA:120,42
DA:121,42
DA:122,147
DA:123,147
DA:124,63
DA:125,63
DA:126,63
DA:127,147
DA:128,147
DA:129,21
DA:130,21
DA:131,21
DA:132,147
DA:133,147
DA:134,21
DA:135,21
DA:136,21
DA:137,147
DA:138,147
DA:139,21
DA:140,21
DA:141,21
DA:142,21
DA:143,21
DA:144,21
DA:145,21
DA:146,21
DA:147,21
DA:148,21
DA:149,21
DA:150,21
DA:151,21
DA:152,21
DA:153,21
DA:154,21
DA:155,21
DA:156,21
DA:157,21
DA:158,21
DA:159,21
DA:160,21
DA:161,21
DA:162,21
DA:163,21
DA:164,21
DA:165,21
DA:166,21
DA:167,21
DA:168,21
DA:169,21
DA:170,21
DA:171,21
DA:172,21
DA:173,21
DA:174,21
DA:175,21
DA:176,21
DA:177,21
DA:178,21
DA:179,21
DA:180,21
DA:181,21
LF:181
LH:181
BRDA:15,0,0,21
BRDA:110,1,0,147
BRDA:116,2,0,42
BRDA:116,3,0,105
BRDA:118,4,0,42
BRDA:123,5,0,63
BRDA:128,6,0,21
BRDA:133,7,0,21
BRF:8
BRH:8
end_of_record
TN:
SF:src/components/home/HowItWorks.jsx
FN:33,HowItWorks
FNF:1
FNH:1
FNDA:15,HowItWorks
DA:1,1
DA:2,1
DA:3,1
DA:4,1
DA:5,1
DA:6,1
DA:7,1
DA:8,1
DA:9,1
DA:10,1
DA:11,1
DA:12,1
DA:13,1
DA:14,1
DA:15,1
DA:16,1
DA:17,1
DA:18,1
DA:19,1
DA:20,1
DA:21,1
DA:22,1
DA:23,1
DA:24,1
DA:25,1
DA:26,1
DA:27,1
DA:28,1
DA:29,1
DA:30,1
DA:31,1
DA:32,1
DA:33,15
DA:34,15
DA:35,15
DA:36,15
DA:37,15
DA:38,15
DA:39,15
DA:40,15
DA:41,15
DA:42,15
DA:43,15
DA:44,45
DA:45,45
DA:46,45
DA:47,45
DA:48,30
DA:49,45
DA:50,45
DA:51,45
DA:52,45
DA:53,45
DA:54,45
DA:55,45
DA:56,45
DA:57,45
DA:58,45
DA:59,45
DA:60,45
DA:61,45
DA:62,45
DA:63,45
DA:64,45
DA:65,45
DA:66,45
DA:67,45
DA:68,45
DA:69,15
DA:70,15
DA:71,15
DA:72,15
DA:73,15
DA:74,15
LF:74
LH:74
BRDA:33,0,0,15
BRDA:43,1,0,45
BRDA:47,2,0,30
BRF:3
BRH:3
end_of_record
TN:
SF:src/components/home/Safety.jsx
FN:33,Safety
FNF:1
FNH:1
FNDA:17,Safety
DA:1,1
DA:2,1
DA:3,1
DA:4,1
DA:5,1
DA:6,1
DA:7,1
DA:8,1
DA:9,1
DA:10,1
DA:11,1
DA:12,1
DA:13,1
DA:14,1
DA:15,1
DA:16,1
DA:17,1
DA:18,1
DA:19,1
DA:20,1
DA:21,1
DA:22,1
DA:23,1
DA:24,1
DA:25,1
DA:26,1
DA:27,1
DA:28,1
DA:29,1
DA:30,1
DA:31,1
DA:32,1
DA:33,17
DA:34,17
DA:35,17
DA:36,17
DA:37,17
DA:38,17
DA:39,17
DA:40,17
DA:41,17
DA:42,17
DA:43,17
DA:44,68
DA:45,68
DA:46,68
DA:47,68
DA:48,68
DA:49,68
DA:50,68
DA:51,68
DA:52,68
DA:53,68
DA:54,68
DA:55,68
DA:56,68
DA:57,17
DA:58,17
DA:59,17
DA:60,17
DA:61,17
DA:62,17
DA:63,17
DA:64,17
DA:65,17
DA:66,17
DA:67,17
DA:68,17
DA:69,17
DA:70,17
DA:71,17
DA:72,17
DA:73,17
DA:74,17
DA:75,17
LF:75
LH:75
BRDA:33,0,0,17
BRDA:43,1,0,68
BRF:2
BRH:2
end_of_record
TN:
SF:src/components/layout/Footer.jsx
FN:32,Footer
FNF:1
FNH:1
FNDA:25,Footer
DA:1,1
DA:2,1
DA:3,1
DA:4,1
DA:5,1
DA:6,1
DA:7,1
DA:8,1
DA:9,1
DA:10,1
DA:11,1
DA:12,1
DA:13,1
DA:14,1
DA:15,1
DA:16,1
DA:17,1
DA:18,1
DA:19,1
DA:20,1
DA:21,1
DA:22,1
DA:23,1
DA:24,1
DA:25,1
DA:26,1
DA:27,1
DA:28,1
DA:29,1
DA:30,1
DA:31,1
DA:32,25
DA:33,25
DA:34,25
DA:35,25
DA:36,25
DA:37,25
DA:38,25
DA:39,25
DA:40,25
DA:41,25
DA:42,25
DA:43,25
DA:44,25
DA:45,25
DA:46,25
DA:47,25
DA:48,25
DA:49,25
DA:50,25
DA:51,25
DA:52,25
DA:53,25
DA:54,25
DA:55,25
DA:56,25
DA:57,25
DA:58,25
DA:59,25
DA:60,25
DA:61,25
DA:62,25
DA:63,75
DA:64,75
DA:65,75
DA:66,75
DA:67,250
DA:68,250
DA:69,100
DA:70,100
DA:71,100
DA:72,150
DA:73,150
DA:74,150
DA:75,150
DA:76,150
DA:77,150
DA:78,150
DA:79,150
DA:80,150
DA:81,250
DA:82,250
DA:83,75
DA:84,75
DA:85,75
DA:86,25
DA:87,25
DA:88,25
DA:89,25
DA:90,25
DA:91,25
DA:92,25
DA:93,25
DA:94,25
DA:95,25
DA:96,25
DA:97,25
DA:98,25
DA:99,25
DA:100,25
DA:101,25
DA:102,25
DA:103,25
DA:104,25
DA:105,25
LF:105
LH:105
BRDA:32,0,0,25
BRDA:62,1,0,75
BRDA:66,2,0,250
BRDA:68,3,0,100
BRDA:71,4,0,150
BRF:5
BRH:5
end_of_record
TN:
SF:src/components/layout/Layout.jsx
FN:6,Layout
FNF:1
FNH:1
FNDA:13,Layout
DA:1,1
DA:2,1
DA:3,1
DA:4,1
DA:5,1
DA:6,13
DA:7,13
DA:8,13
DA:9,13
DA:10,12
DA:11,13
DA:12,13
DA:13,13
DA:14,13
DA:15,13
DA:16,13
DA:17,13
DA:18,13
DA:19,13
DA:20,13
DA:21,13
DA:22,13
LF:22
LH:22
BRDA:6,0,0,13
BRDA:9,1,0,12
BRF:2
BRH:2
end_of_record
TN:
SF:src/components/layout/Navbar.jsx
FN:13,Navbar
FN:19,onScroll
FN:69,onClick
FNF:3
FNH:3
FNDA:42,Navbar
FNDA:3,onScroll
FNDA:5,onClick
DA:1,1
DA:2,1
DA:3,1
DA:4,1
DA:5,1
DA:6,1
DA:7,1
DA:8,1
DA:9,1
DA:10,1
DA:11,1
DA:12,1
DA:13,42
DA:14,42
DA:15,42
DA:16,42
DA:17,42
DA:18,42
DA:19,27
DA:20,27
DA:21,27
DA:22,42
DA:23,42
DA:24,42
DA:25,27
DA:26,42
DA:27,42
DA:28,42
DA:29,42
DA:30,42
DA:31,42
DA:32,12
DA:33,30
DA:34,42
DA:35,42
DA:36,42
DA:37,42
DA:38,42
DA:39,42
DA:40,42
DA:41,42
DA:42,42
DA:43,42
DA:44,42
DA:45,42
DA:46,42
DA:47,42
DA:48,42
DA:49,42
DA:50,168
DA:51,168
DA:52,168
DA:53,168
DA:54,168
DA:55,168
DA:56,168
DA:57,168
DA:58,168
DA:59,42
DA:60,42
DA:61,42
DA:62,42
DA:63,42
DA:64,42
DA:65,42
DA:66,42
DA:67,42
DA:68,42
DA:69,42
DA:70,42
DA:71,42
DA:72,42
DA:73,42
DA:74,42
DA:75,42
DA:76,42
DA:77,42
DA:78,8
DA:79,8
DA:80,8
DA:81,32
DA:82,32
DA:83,32
DA:84,32
DA:85,32
DA:86,2
DA:87,30
DA:88,32
DA:89,32
DA:90,32
DA:91,32
DA:92,8
DA:93,8
DA:94,8
DA:95,8
DA:96,8
DA:97,8
DA:98,8
DA:99,8
DA:100,8
DA:101,42
DA:102,42
DA:103,42
DA:104,42
LF:104
LH:104
BRDA:13,0,0,42
BRDA:31,1,0,38
BRDA:31,2,0,12
BRDA:32,3,0,30
BRDA:71,4,0,8
BRDA:71,5,0,34
BRDA:77,6,0,8
BRDA:18,7,0,27
BRDA:19,8,0,3
BRDA:21,9,0,27
BRDA:24,10,0,27
BRDA:49,11,0,168
BRDA:54,12,0,9
BRDA:54,13,0,159
BRDA:69,14,0,5
BRDA:80,15,0,32
BRDA:85,16,0,2
BRDA:86,17,0,30
BRF:18
BRH:18
end_of_record
TN:
SF:src/components/shared/AnimatedSection.jsx
FN:3,AnimatedSection
FNF:1
FNH:1
FNDA:886,AnimatedSection
DA:1,1
DA:2,1
DA:3,886
DA:4,886
DA:5,886
DA:6,886
DA:7,886
DA:8,886
DA:9,886
DA:10,886
DA:11,886
DA:12,886
DA:13,886
DA:14,886
DA:15,886
LF:15
LH:15
BRDA:3,0,0,886
BRF:1
BRH:1
end_of_record
TN:
SF:src/components/shared/Button.jsx
FN:15,Button
FNF:1
FNH:1
FNDA:191,Button
DA:1,1
DA:2,1
DA:3,1
DA:4,1
DA:5,1
DA:6,1
DA:7,1
DA:8,1
DA:9,1
DA:10,1
DA:11,1
DA:12,1
DA:13,1
DA:14,1
DA:15,191
DA:16,191
DA:17,191
DA:18,191
DA:19,23
DA:20,23
DA:21,168
DA:22,170
DA:23,158
DA:24,158
DA:25,10
DA:26,10
DA:27,10
LF:27
LH:27
BRDA:15,0,0,191
BRDA:18,1,0,180
BRDA:18,2,0,23
BRDA:20,3,0,170
BRDA:20,4,0,168
BRDA:22,5,0,158
BRDA:24,6,0,10
BRF:7
BRH:7
end_of_record
TN:
SF:src/components/shared/Card.jsx
FN:3,Card
FNF:1
FNH:1
FNDA:484,Card
DA:1,1
DA:2,1
DA:3,484
DA:4,484
DA:5,484
DA:6,484
DA:7,484
DA:8,484
DA:9,484
DA:10,484
DA:11,484
DA:12,484
DA:13,484
DA:14,484
LF:14
LH:14
BRDA:3,0,0,484
BRDA:6,1,0,413
BRDA:6,2,0,71
BRDA:8,3,0,55
BRDA:8,4,0,429
BRF:5
BRH:5
end_of_record
TN:
SF:src/components/shared/Icon.jsx
FN:118,Icon
FNF:1
FNH:1
FNDA:1745,Icon
DA:1,1
DA:2,1
DA:3,1
DA:4,1
DA:5,1
DA:6,1
DA:7,1
DA:8,1
DA:9,1
DA:10,1
DA:11,1
DA:12,1
DA:13,1
DA:14,1
DA:15,1
DA:16,1
DA:17,1
DA:18,1
DA:19,1
DA:20,1
DA:21,1
DA:22,1
DA:23,1
DA:24,1
DA:25,1
DA:26,1
DA:27,1
DA:28,1
DA:29,1
DA:30,1
DA:31,1
DA:32,1
DA:33,1
DA:34,1
DA:35,1
DA:36,1
DA:37,1
DA:38,1
DA:39,1
DA:40,1
DA:41,1
DA:42,1
DA:43,1
DA:44,1
DA:45,1
DA:46,1
DA:47,1
DA:48,1
DA:49,1
DA:50,1
DA:51,1
DA:52,1
DA:53,1
DA:54,1
DA:55,1
DA:56,1
DA:57,1
DA:58,1
DA:59,1
DA:60,1
DA:61,1
DA:62,1
DA:63,1
DA:64,1
DA:65,1
DA:66,1
DA:67,1
DA:68,1
DA:69,1
DA:70,1
DA:71,1
DA:72,1
DA:73,1
DA:74,1
DA:75,1
DA:76,1
DA:77,1
DA:78,1
DA:79,1
DA:80,1
DA:81,1
DA:82,1
DA:83,1
DA:84,1
DA:85,1
DA:86,1
DA:87,1
DA:88,1
DA:89,1
DA:90,1
DA:91,1
DA:92,1
DA:93,1
DA:94,1
DA:95,1
DA:96,1
DA:97,1
DA:98,1
DA:99,1
DA:100,1
DA:101,1
DA:102,1
DA:103,1
DA:104,1
DA:105,1
DA:106,1
DA:107,1
DA:108,1
DA:109,1
DA:110,1
DA:111,1
DA:112,1
DA:113,1
DA:114,1
DA:115,1
DA:116,1
DA:117,1
DA:118,1745
DA:119,1745
DA:120,1745
DA:121,1745
DA:122,1745
DA:123,1745
DA:124,1745
DA:125,1745
DA:126,1745
DA:127,1745
DA:128,1745
DA:129,1745
DA:130,1745
DA:131,1745
DA:132,1745
DA:133,1745
LF:133
LH:133
BRDA:118,0,0,1745
BRDA:130,1,0,1
BRF:2
BRH:2
end_of_record
TN:
SF:src/components/shared/SectionHeading.jsx
FN:1,SectionHeading
FNF:1
FNH:1
FNDA:194,SectionHeading
DA:1,194
DA:2,194
DA:3,194
DA:4,194
DA:5,194
DA:6,194
DA:7,194
DA:8,194
DA:9,152
DA:10,194
DA:11,194
DA:12,194
DA:13,194
LF:13
LH:13
BRDA:1,0,0,194
BRDA:2,1,0,157
BRDA:2,2,0,37
BRDA:5,3,0,157
BRDA:5,4,0,37
BRDA:8,5,0,152
BRF:6
BRH:6
end_of_record
TN:
SF:src/constants/actions.js
FNF:0
FNH:0
DA:1,1
DA:2,1
DA:3,1
DA:4,1
DA:5,1
DA:6,1
DA:7,1
DA:8,1
DA:9,1
DA:10,1
DA:11,1
DA:12,1
DA:13,1
DA:14,1
DA:15,1
DA:16,1
DA:17,1
DA:18,1
DA:19,1
LF:19
LH:19
BRF:0
BRH:0
end_of_record
TN:
SF:src/constants/comparisons.js
FNF:0
FNH:0
DA:1,1
DA:2,1
DA:3,1
DA:4,1
DA:5,1
DA:6,1
DA:7,1
DA:8,1
DA:9,1
DA:10,1
DA:11,1
DA:12,1
DA:13,1
DA:14,1
DA:15,1
DA:16,1
DA:17,1
LF:17
LH:17
BRF:0
BRH:0
end_of_record
TN:
SF:src/constants/faq.js
FNF:0
FNH:0
DA:1,1
DA:2,1
DA:3,1
DA:4,1
DA:5,1
DA:6,1
DA:7,1
DA:8,1
DA:9,1
DA:10,1
DA:11,1
DA:12,1
DA:13,1
DA:14,1
DA:15,1
DA:16,1
DA:17,1
DA:18,1
DA:19,1
DA:20,1
DA:21,1
DA:22,1
DA:23,1
DA:24,1
DA:25,1
DA:26,1
DA:27,1
DA:28,1
DA:29,1
DA:30,1
DA:31,1
DA:32,1
DA:33,1
DA:34,1
DA:35,1
DA:36,1
DA:37,1
DA:38,1
DA:39,1
DA:40,1
DA:41,1
DA:42,1
DA:43,1
DA:44,1
DA:45,1
DA:46,1
DA:47,1
DA:48,1
DA:49,1
LF:49
LH:49
BRF:0
BRH:0
end_of_record
TN:
SF:src/constants/features.js
FNF:0
FNH:0
DA:1,1
DA:2,1
DA:3,1
DA:4,1
DA:5,1
DA:6,1
DA:7,1
DA:8,1
DA:9,1
DA:10,1
DA:11,1
DA:12,1
DA:13,1
DA:14,1
DA:15,1
DA:16,1
DA:17,1
DA:18,1
DA:19,1
DA:20,1
DA:21,1
DA:22,1
DA:23,1
DA:24,1
DA:25,1
DA:26,1
DA:27,1
DA:28,1
DA:29,1
DA:30,1
DA:31,1
DA:32,1
DA:33,1
DA:34,1
DA:35,1
DA:36,1
DA:37,1
DA:38,1
DA:39,1
DA:40,1
DA:41,1
DA:42,1
DA:43,1
DA:44,1
DA:45,1
DA:46,1
DA:47,1
DA:48,1
DA:49,1
DA:50,1
DA:51,1
DA:52,1
DA:53,1
DA:54,1
DA:55,1
DA:56,1
DA:57,1
DA:58,1
DA:59,1
DA:60,1
DA:61,1
DA:62,1
DA:63,1
DA:64,1
DA:65,1
DA:66,1
DA:67,1
DA:68,1
DA:69,1
DA:70,1
DA:71,1
DA:72,1
DA:73,1
DA:74,1
DA:75,1
DA:76,1
DA:77,1
LF:77
LH:77
BRF:0
BRH:0
end_of_record
TN:
SF:src/pages/FAQPage.jsx
FN:5,FAQPage
FNF:1
FNH:1
FNDA:5,FAQPage
DA:1,1
DA:2,1
DA:3,1
DA:4,1
DA:5,5
DA:6,5
DA:7,5
DA:8,5
DA:9,5
DA:10,5
DA:11,5
DA:12,5
DA:13,5
DA:14,5
DA:15,5
DA:16,5
DA:17,5
DA:18,5
DA:19,5
DA:20,5
DA:21,5
DA:22,5
DA:23,5
LF:23
LH:23
BRDA:5,0,0,5
BRF:1
BRH:1
end_of_record
TN:
SF:src/pages/FeaturesPage.jsx
FN:8,FeaturesPage
FNF:1
FNH:1
FNDA:9,FeaturesPage
DA:1,1
DA:2,1
DA:3,1
DA:4,1
DA:5,1
DA:6,1
DA:7,1
DA:8,9
DA:9,9
DA:10,9
DA:11,9
DA:12,9
DA:13,9
DA:14,9
DA:15,9
DA:16,9
DA:17,9
DA:18,9
DA:19,9
DA:20,9
DA:21,9
DA:22,9
DA:23,9
DA:24,9
DA:25,9
DA:26,9
DA:27,54
DA:28,54
DA:29,54
DA:30,54
DA:31,54
DA:32,54
DA:33,54
DA:34,54
DA:35,54
DA:36,54
DA:37,9
DA:38,9
DA:39,9
DA:40,9
DA:41,9
DA:42,9
DA:43,36
DA:44,36
DA:45,36
DA:46,36
DA:47,36
DA:48,36
DA:49,36
DA:50,36
DA:51,36
DA:52,144
DA:53,144
DA:54,144
DA:55,144
DA:56,144
DA:57,144
DA:58,144
DA:59,36
DA:60,36
DA:61,36
DA:62,36
DA:63,9
DA:64,9
DA:65,9
DA:66,9
DA:67,9
DA:68,9
DA:69,9
DA:70,9
DA:71,9
DA:72,9
DA:73,9
DA:74,9
DA:75,9
DA:76,9
DA:77,9
DA:78,9
DA:79,9
DA:80,9
DA:81,9
DA:82,9
DA:83,9
DA:84,9
DA:85,9
DA:86,9
DA:87,9
DA:88,9
DA:89,9
DA:90,9
DA:91,9
DA:92,9
DA:93,9
DA:94,9
DA:95,9
DA:96,9
DA:97,9
DA:98,9
DA:99,9
DA:100,9
DA:101,9
DA:102,9
DA:103,9
DA:104,9
DA:105,9
DA:106,9
DA:107,9
LF:107
LH:107
BRDA:8,0,0,9
BRDA:26,1,0,54
BRDA:42,2,0,36
BRDA:51,3,0,144
BRF:4
BRH:4
end_of_record
TN:
SF:src/pages/HomePage.jsx
FN:10,HomePage
FNF:1
FNH:1
FNDA:10,HomePage
DA:1,1
DA:2,1
DA:3,1
DA:4,1
DA:5,1
DA:6,1
DA:7,1
DA:8,1
DA:9,1
DA:10,10
DA:11,10
DA:12,10
DA:13,10
DA:14,10
DA:15,10
DA:16,10
DA:17,10
DA:18,10
DA:19,10
DA:20,10
DA:21,10
DA:22,10
DA:23,10
LF:23
LH:23
BRDA:10,0,0,10
BRF:1
BRH:1
end_of_record
TN:
SF:src/pages/HowItWorksPage.jsx
FN:78,HowItWorksPage
FNF:1
FNH:1
FNDA:9,HowItWorksPage
DA:1,1
DA:2,1
DA:3,1
DA:4,1
DA:5,1
DA:6,1
DA:7,1
DA:8,1
DA:9,1
DA:10,1
DA:11,1
DA:12,1
DA:13,1
DA:14,1
DA:15,1
DA:16,1
DA:17,1
DA:18,1
DA:19,1
DA:20,1
DA:21,1
DA:22,1
DA:23,1
DA:24,1
DA:25,1
DA:26,1
DA:27,1
DA:28,1
DA:29,1
DA:30,1
DA:31,1
DA:32,1
DA:33,1
DA:34,1
DA:35,1
DA:36,1
DA:37,1
DA:38,1
DA:39,1
DA:40,1
DA:41,1
DA:42,1
DA:43,1
DA:44,1
DA:45,1
DA:46,1
DA:47,1
DA:48,1
DA:49,1
DA:50,1
DA:51,1
DA:52,1
DA:53,1
DA:54,1
DA:55,1
DA:56,1
DA:57,1
DA:58,1
DA:59,1
DA:60,1
DA:61,1
DA:62,1
DA:63,1
DA:64,1
DA:65,1
DA:66,1
DA:67,1
DA:68,1
DA:69,1
DA:70,1
DA:71,1
DA:72,1
DA:73,1
DA:74,1
DA:75,1
DA:76,1
DA:77,1
DA:78,9
DA:79,9
DA:80,9
DA:81,9
DA:82,9
DA:83,9
DA:84,9
DA:85,9
DA:86,9
DA:87,9
DA:88,9
DA:89,9
DA:90,9
DA:91,9
DA:92,9
DA:93,9
DA:94,9
DA:95,9
DA:96,54
DA:97,54
DA:98,54
DA:99,54
DA:100,54
DA:101,54
DA:102,54
DA:103,54
DA:104,54
DA:105,54
DA:106,54
DA:107,54
DA:108,45
DA:109,54
DA:110,54
DA:111,54
DA:112,54
DA:113,54
DA:114,54
DA:115,54
DA:116,54
DA:117,54
DA:118,171
DA:119,171
DA:120,171
DA:121,171
DA:122,54
DA:123,54
DA:124,54
DA:125,54
DA:126,54
DA:127,9
DA:128,9
DA:129,9
DA:130,9
DA:131,9
DA:132,9
DA:133,9
DA:134,9
DA:135,9
DA:136,9
DA:137,9
DA:138,9
DA:139,9
DA:140,9
DA:141,9
DA:142,9
DA:143,9
DA:144,9
DA:145,9
DA:146,9
DA:147,9
DA:148,9
DA:149,9
DA:150,9
DA:151,9
DA:152,9
DA:153,9
DA:154,9
DA:155,9
DA:156,9
DA:157,9
DA:158,9
DA:159,9
DA:160,9
DA:161,9
DA:162,9
DA:163,9
DA:164,9
DA:165,9
DA:166,9
DA:167,9
DA:168,9
DA:169,9
DA:170,9
DA:171,9
DA:172,9
DA:173,9
DA:174,9
DA:175,9
DA:176,9
DA:177,9
DA:178,9
LF:178
LH:178
BRDA:78,0,0,9
BRDA:95,1,0,54
BRDA:107,2,0,45
BRDA:117,3,0,171
BRF:4
BRH:4
end_of_record
TN:
SF:src/pages/SafetyPage.jsx
FN:77,SafetyPage
FNF:1
FNH:1
FNDA:10,SafetyPage
DA:1,1
DA:2,1
DA:3,1
DA:4,1
DA:5,1
DA:6,1
DA:7,1
DA:8,1
DA:9,1
DA:10,1
DA:11,1
DA:12,1
DA:13,1
DA:14,1
DA:15,1
DA:16,1
DA:17,1
DA:18,1
DA:19,1
DA:20,1
DA:21,1
DA:22,1
DA:23,1
DA:24,1
DA:25,1
DA:26,1
DA:27,1
DA:28,1
DA:29,1
DA:30,1
DA:31,1
DA:32,1
DA:33,1
DA:34,1
DA:35,1
DA:36,1
DA:37,1
DA:38,1
DA:39,1
DA:40,1
DA:41,1
DA:42,1
DA:43,1
DA:44,1
DA:45,1
DA:46,1
DA:47,1
DA:48,1
DA:49,1
DA:50,1
DA:51,1
DA:52,1
DA:53,1
DA:54,1
DA:55,1
DA:56,1
DA:57,1
DA:58,1
DA:59,1
DA:60,1
DA:61,1
DA:62,1
DA:63,1
DA:64,1
DA:65,1
DA:66,1
DA:67,1
DA:68,1
DA:69,1
DA:70,1
DA:71,1
DA:72,1
DA:73,1
DA:74,1
DA:75,1
DA:76,1
DA:77,10
DA:78,10
DA:79,10
DA:80,10
DA:81,10
DA:82,10
DA:83,10
DA:84,10
DA:85,10
DA:86,10
DA:87,10
DA:88,10
DA:89,10
DA:90,10
DA:91,10
DA:92,10
DA:93,10
DA:94,10
DA:95,10
DA:96,10
DA:97,10
DA:98,10
DA:99,10
DA:100,10
DA:101,10
DA:102,10
DA:103,10
DA:104,10
DA:105,10
DA:106,10
DA:107,10
DA:108,40
DA:109,40
DA:110,40
DA:111,40
DA:112,40
DA:113,40
DA:114,40
DA:115,40
DA:116,40
DA:117,40
DA:118,40
DA:119,40
DA:120,170
DA:121,170
DA:122,170
DA:123,170
DA:124,40
DA:125,40
DA:126,40
DA:127,40
DA:128,40
DA:129,10
DA:130,10
DA:131,10
DA:132,10
DA:133,10
DA:134,10
DA:135,10
DA:136,10
DA:137,10
DA:138,10
DA:139,10
DA:140,10
DA:141,10
DA:142,30
DA:143,30
DA:144,30
DA:145,30
DA:146,30
DA:147,30
DA:148,30
DA:149,30
DA:150,30
DA:151,30
DA:152,30
DA:153,10
DA:154,10
DA:155,10
DA:156,10
DA:157,10
DA:158,10
DA:159,10
DA:160,10
DA:161,10
LF:161
LH:161
BRDA:77,0,0,10
BRDA:107,1,0,40
BRDA:119,2,0,170
BRDA:141,3,0,30
BRF:4
BRH:4
end_of_record
