TN:
SF:src/App.jsx
FN:12,App
FNF:1
FNH:1
FNDA:7,App
DA:1,1
DA:2,1
DA:3,1
DA:4,1
DA:5,1
DA:6,1
DA:7,1
DA:8,1
DA:9,1
DA:10,1
DA:11,1
DA:12,7
DA:13,7
DA:14,7
DA:15,7
DA:16,7
DA:17,7
DA:18,7
DA:19,7
DA:20,7
DA:21,7
DA:22,7
DA:23,7
DA:24,7
DA:25,7
DA:26,7
DA:27,7
DA:28,7
LF:28
LH:28
BRDA:6,0,0,1
BRDA:7,1,0,1
BRDA:8,2,0,1
BRDA:9,3,0,1
BRDA:10,4,0,1
BRDA:12,5,0,7
BRF:6
BRH:6
end_of_record
TN:
SF:src/components/home/Actions.jsx
FN:7,ActionChip
FN:31,Actions
FNF:2
FNH:2
FNDA:266,ActionChip
FNDA:19,Actions
DA:1,1
DA:2,1
DA:3,1
DA:4,1
DA:5,1
DA:6,1
DA:7,266
DA:8,266
DA:9,266
DA:10,266
DA:11,266
DA:12,266
DA:13,266
DA:14,266
DA:15,266
DA:16,114
DA:17,152
DA:18,266
DA:19,266
DA:20,266
DA:21,266
DA:22,266
DA:23,266
DA:24,266
DA:25,266
DA:26,266
DA:27,266
DA:28,266
DA:29,266
DA:30,1
DA:31,19
DA:32,19
DA:33,19
DA:34,19
DA:35,19
DA:36,19
DA:37,19
DA:38,19
DA:39,19
DA:40,19
DA:41,19
DA:42,19
DA:43,19
DA:44,152
DA:45,19
DA:46,19
DA:47,19
DA:48,19
DA:49,19
DA:50,19
DA:51,19
DA:52,19
DA:53,114
DA:54,19
DA:55,19
DA:56,19
DA:57,19
DA:58,19
DA:59,19
DA:60,19
LF:60
LH:60
BRDA:7,0,0,266
BRDA:15,1,0,114
BRDA:16,2,0,152
BRDA:20,3,0,114
BRDA:20,4,0,152
BRDA:22,5,0,114
BRDA:22,6,0,152
BRDA:31,7,0,19
BRDA:43,8,0,152
BRDA:52,9,0,114
BRF:10
BRH:10
end_of_record
TN:
SF:src/components/home/CTA.jsx
FN:6,CTA
FNF:1
FNH:1
FNDA:49,CTA
DA:1,1
DA:2,1
DA:3,1
DA:4,1
DA:5,1
DA:6,49
DA:7,49
DA:8,49
DA:9,49
DA:10,49
DA:11,49
DA:12,49
DA:13,49
DA:14,49
DA:15,49
DA:16,49
DA:17,49
DA:18,49
DA:19,49
DA:20,49
DA:21,49
DA:22,49
DA:23,49
DA:24,49
DA:25,49
DA:26,49
DA:27,49
DA:28,49
DA:29,49
DA:30,49
DA:31,49
DA:32,49
DA:33,49
DA:34,49
DA:35,49
DA:36,49
DA:37,49
DA:38,49
DA:39,49
DA:40,49
DA:41,49
DA:42,49
DA:43,49
DA:44,49
LF:44
LH:44
BRDA:6,0,0,49
BRF:1
BRH:1
end_of_record
TN:
SF:src/components/home/Comparison.jsx
FN:6,Comparison
FNF:1
FNH:1
FNDA:10,Comparison
DA:1,1
DA:2,1
DA:3,1
DA:4,1
DA:5,1
DA:6,10
DA:7,10
DA:8,10
DA:9,10
DA:10,10
DA:11,10
DA:12,10
DA:13,10
DA:14,10
DA:15,10
DA:16,10
DA:17,10
DA:18,10
DA:19,10
DA:20,10
DA:21,10
DA:22,30
DA:23,30
DA:24,30
DA:25,30
DA:26,30
DA:27,30
DA:28,30
DA:29,30
DA:30,10
DA:31,10
DA:32,10
DA:33,10
DA:34,10
DA:35,90
DA:36,90
DA:37,90
DA:38,270
DA:39,270
DA:40,240
DA:41,110
DA:42,130
DA:43,130
DA:44,30
DA:45,30
DA:46,30
DA:47,30
DA:48,30
DA:49,30
DA:50,30
DA:51,30
DA:52,30
DA:53,270
DA:54,270
DA:55,90
DA:56,90
DA:57,10
DA:58,10
DA:59,10
DA:60,10
DA:61,10
DA:62,10
DA:63,10
DA:64,10
DA:65,10
LF:65
LH:65
BRDA:6,0,0,10
BRDA:21,1,0,30
BRDA:25,2,0,10
BRDA:25,3,0,20
BRDA:34,4,0,90
BRDA:35,5,0,80
BRDA:35,6,0,10
BRDA:37,7,0,270
BRDA:39,8,0,240
BRDA:40,9,0,110
BRDA:41,10,0,130
BRDA:43,11,0,30
BRDA:48,12,0,10
BRDA:48,13,0,20
BRF:14
BRH:14
end_of_record
TN:
SF:src/components/home/Demo.jsx
FN:27,Demo
FNF:1
FNH:1
FNDA:18,Demo
DA:1,1
DA:2,1
DA:3,1
DA:4,1
DA:5,1
DA:6,1
DA:7,1
DA:8,1
DA:9,1
DA:10,1
DA:11,1
DA:12,1
DA:13,1
DA:14,1
DA:15,1
DA:16,1
DA:17,1
DA:18,1
DA:19,1
DA:20,1
DA:21,1
DA:22,1
DA:23,1
DA:24,1
DA:25,1
DA:26,1
DA:27,18
DA:28,18
DA:29,18
DA:30,18
DA:31,18
DA:32,18
DA:33,18
DA:34,18
DA:35,18
DA:36,18
DA:37,18
DA:38,54
DA:39,54
DA:40,54
DA:41,54
DA:42,54
DA:43,54
DA:44,54
DA:45,54
DA:46,54
DA:47,54
DA:48,54
DA:49,54
DA:50,54
DA:51,54
DA:52,252
DA:53,252
DA:54,252
DA:55,252
DA:56,252
DA:57,252
DA:58,54
DA:59,54
DA:60,54
DA:61,54
DA:62,18
DA:63,18
DA:64,18
DA:65,18
DA:66,18
DA:67,18
LF:67
LH:67
BRDA:27,0,0,18
BRDA:37,1,0,54
BRDA:51,2,0,252
BRF:3
BRH:3
end_of_record
TN:
SF:src/components/home/FAQ.jsx
FN:8,FAQItem2
FN:43,FAQ
FN:61,onToggle
FNF:3
FNH:3
FNDA:213,FAQItem2
FNDA:32,FAQ
FNDA:6,onToggle
DA:1,1
DA:2,1
DA:3,1
DA:4,1
DA:5,1
DA:6,1
DA:7,1
DA:8,1
DA:9,213
DA:10,213
DA:11,213
DA:12,213
DA:13,213
DA:14,213
DA:15,213
DA:16,213
DA:17,213
DA:18,213
DA:19,213
DA:20,213
DA:21,213
DA:22,213
DA:23,213
DA:24,213
DA:25,213
DA:26,213
DA:27,213
DA:28,5
DA:29,5
DA:30,5
DA:31,5
DA:32,5
DA:33,5
DA:34,5
DA:35,5
DA:36,5
DA:37,213
DA:38,213
DA:39,213
DA:40,213
DA:41,213
DA:42,1
DA:43,32
DA:44,32
DA:45,32
DA:46,32
DA:47,32
DA:48,32
DA:49,32
DA:50,32
DA:51,32
DA:52,32
DA:53,32
DA:54,32
DA:55,32
DA:56,32
DA:57,213
DA:58,213
DA:59,213
DA:60,213
DA:61,213
DA:62,213
DA:63,32
DA:64,32
DA:65,32
DA:66,32
DA:67,32
DA:68,32
LF:68
LH:68
BRDA:8,0,0,213
BRDA:15,1,0,5
BRDA:15,2,0,208
BRDA:19,3,0,5
BRDA:19,4,0,208
BRDA:27,5,0,5
BRDA:43,6,0,32
BRDA:45,7,0,26
BRDA:45,8,0,6
BRDA:56,9,0,213
BRDA:61,10,0,6
BRDA:61,11,0,1
BRDA:61,12,0,5
BRF:13
BRH:13
end_of_record
TN:
SF:src/components/home/Features.jsx
FN:7,Features
FNF:1
FNH:1
FNDA:16,Features
DA:1,1
DA:2,1
DA:3,1
DA:4,1
DA:5,1
DA:6,1
DA:7,16
DA:8,16
DA:9,16
DA:10,16
DA:11,16
DA:12,16
DA:13,16
DA:14,16
DA:15,16
DA:16,16
DA:17,16
DA:18,96
DA:19,96
DA:20,96
DA:21,96
DA:22,96
DA:23,96
DA:24,96
DA:25,96
DA:26,96
DA:27,16
DA:28,16
DA:29,16
DA:30,16
DA:31,16
DA:32,16
LF:32
LH:32
BRDA:7,0,0,16
BRDA:17,1,0,96
BRF:2
BRH:2
end_of_record
TN:
SF:src/components/home/Hero.jsx
FN:15,Hero
FNF:1
FNH:1
FNDA:22,Hero
DA:1,1
DA:2,1
DA:3,1
DA:4,1
DA:5,1
DA:6,1
DA:7,1
DA:8,1
DA:9,1
DA:10,1
DA:11,1
DA:12,1
DA:13,1
DA:14,1
DA:15,22
DA:16,22
DA:17,22
DA:18,22
DA:19,22
DA:20,22
DA:21,22
DA:22,22
DA:23,22
DA:24,22
DA:25,22
DA:26,22
DA:27,22
DA:28,22
DA:29,22
DA:30,22
DA:31,22
DA:32,22
DA:33,22
DA:34,22
DA:35,22
DA:36,22
DA:37,22
DA:38,22
DA:39,22
DA:40,22
DA:41,22
DA:42,22
DA:43,22
DA:44,22
DA:45,22
DA:46,22
DA:47,22
DA:48,22
DA:49,22
DA:50,22
DA:51,22
DA:52,22
DA:53,22
DA:54,22
DA:55,22
DA:56,22
DA:57,22
DA:58,22
DA:59,22
DA:60,22
DA:61,22
DA:62,22
DA:63,22
DA:64,22
DA:65,22
DA:66,22
DA:67,22
DA:68,22
DA:69,22
DA:70,22
DA:71,22
DA:72,22
DA:73,22
DA:74,22
DA:75,22
DA:76,22
DA:77,22
DA:78,22
DA:79,22
DA:80,22
DA:81,22
DA:82,22
DA:83,22
DA:84,22
DA:85,22
DA:86,22
DA:87,22
DA:88,22
DA:89,22
DA:90,22
DA:91,22
DA:92,22
DA:93,22
DA:94,22
DA:95,22
DA:96,22
DA:97,22
DA:98,22
DA:99,22
DA:100,22
DA:101,22
DA:102,22
DA:103,22
DA:104,22
DA:105,22
DA:106,22
DA:107,22
DA:108,22
DA:109,22
DA:110,22
DA:111,22
DA:112,154
DA:113,154
DA:114,154
DA:115,154
DA:116,154
DA:117,154
DA:118,154
DA:119,154
DA:120,44
DA:121,44
DA:122,44
DA:123,154
DA:124,154
DA:125,66
DA:126,66
DA:127,66
DA:128,154
DA:129,154
DA:130,22
DA:131,22
DA:132,22
DA:133,154
DA:134,154
DA:135,22
DA:136,22
DA:137,22
DA:138,154
DA:139,154
DA:140,22
DA:141,22
DA:142,22
DA:143,22
DA:144,22
DA:145,22
DA:146,22
DA:147,22
DA:148,22
DA:149,22
DA:150,22
DA:151,22
DA:152,22
DA:153,22
DA:154,22
DA:155,22
DA:156,22
DA:157,22
DA:158,22
DA:159,22
DA:160,22
DA:161,22
DA:162,22
DA:163,22
DA:164,22
DA:165,22
DA:166,22
DA:167,22
DA:168,22
DA:169,22
DA:170,22
DA:171,22
DA:172,22
DA:173,22
DA:174,22
DA:175,22
DA:176,22
DA:177,22
DA:178,22
DA:179,22
DA:180,22
DA:181,22
DA:182,22
LF:182
LH:182
BRDA:15,0,0,22
BRDA:111,1,0,154
BRDA:117,2,0,44
BRDA:117,3,0,110
BRDA:119,4,0,44
BRDA:124,5,0,66
BRDA:129,6,0,22
BRDA:134,7,0,22
BRF:8
BRH:8
end_of_record
TN:
SF:src/components/home/HowItWorks.jsx
FN:33,HowItWorks
FNF:1
FNH:1
FNDA:16,HowItWorks
DA:1,1
DA:2,1
DA:3,1
DA:4,1
DA:5,1
DA:6,1
DA:7,1
DA:8,1
DA:9,1
DA:10,1
DA:11,1
DA:12,1
DA:13,1
DA:14,1
DA:15,1
DA:16,1
DA:17,1
DA:18,1
DA:19,1
DA:20,1
DA:21,1
DA:22,1
DA:23,1
DA:24,1
DA:25,1
DA:26,1
DA:27,1
DA:28,1
DA:29,1
DA:30,1
DA:31,1
DA:32,1
DA:33,16
DA:34,16
DA:35,16
DA:36,16
DA:37,16
DA:38,16
DA:39,16
DA:40,16
DA:41,16
DA:42,16
DA:43,16
DA:44,48
DA:45,48
DA:46,48
DA:47,48
DA:48,32
DA:49,48
DA:50,48
DA:51,48
DA:52,48
DA:53,48
DA:54,48
DA:55,48
DA:56,48
DA:57,48
DA:58,48
DA:59,48
DA:60,48
DA:61,48
DA:62,48
DA:63,48
DA:64,48
DA:65,48
DA:66,48
DA:67,48
DA:68,48
DA:69,16
DA:70,16
DA:71,16
DA:72,16
DA:73,16
DA:74,16
LF:74
LH:74
BRDA:33,0,0,16
BRDA:43,1,0,48
BRDA:47,2,0,32
BRF:3
BRH:3
end_of_record
TN:
SF:src/components/home/Safety.jsx
FN:33,Safety
FNF:1
FNH:1
FNDA:18,Safety
DA:1,1
DA:2,1
DA:3,1
DA:4,1
DA:5,1
DA:6,1
DA:7,1
DA:8,1
DA:9,1
DA:10,1
DA:11,1
DA:12,1
DA:13,1
DA:14,1
DA:15,1
DA:16,1
DA:17,1
DA:18,1
DA:19,1
DA:20,1
DA:21,1
DA:22,1
DA:23,1
DA:24,1
DA:25,1
DA:26,1
DA:27,1
DA:28,1
DA:29,1
DA:30,1
DA:31,1
DA:32,1
DA:33,18
DA:34,18
DA:35,18
DA:36,18
DA:37,18
DA:38,18
DA:39,18
DA:40,18
DA:41,18
DA:42,18
DA:43,18
DA:44,72
DA:45,72
DA:46,72
DA:47,72
DA:48,72
DA:49,72
DA:50,72
DA:51,72
DA:52,72
DA:53,72
DA:54,72
DA:55,72
DA:56,72
DA:57,18
DA:58,18
DA:59,18
DA:60,18
DA:61,18
DA:62,18
DA:63,18
DA:64,18
DA:65,18
DA:66,18
DA:67,18
DA:68,18
DA:69,18
DA:70,18
DA:71,18
DA:72,18
DA:73,18
DA:74,18
DA:75,18
LF:75
LH:75
BRDA:33,0,0,18
BRDA:43,1,0,72
BRF:2
BRH:2
end_of_record
TN:
SF:src/components/layout/Footer.jsx
FN:32,Footer
FNF:1
FNH:1
FNDA:32,Footer
DA:1,1
DA:2,1
DA:3,1
DA:4,1
DA:5,1
DA:6,1
DA:7,1
DA:8,1
DA:9,1
DA:10,1
DA:11,1
DA:12,1
DA:13,1
DA:14,1
DA:15,1
DA:16,1
DA:17,1
DA:18,1
DA:19,1
DA:20,1
DA:21,1
DA:22,1
DA:23,1
DA:24,1
DA:25,1
DA:26,1
DA:27,1
DA:28,1
DA:29,1
DA:30,1
DA:31,1
DA:32,32
DA:33,32
DA:34,32
DA:35,32
DA:36,32
DA:37,32
DA:38,32
DA:39,32
DA:40,32
DA:41,32
DA:42,32
DA:43,32
DA:44,32
DA:45,32
DA:46,32
DA:47,32
DA:48,32
DA:49,32
DA:50,32
DA:51,32
DA:52,32
DA:53,32
DA:54,32
DA:55,32
DA:56,32
DA:57,32
DA:58,32
DA:59,32
DA:60,32
DA:61,32
DA:62,32
DA:63,32
DA:64,96
DA:65,96
DA:66,96
DA:67,96
DA:68,320
DA:69,320
DA:70,128
DA:71,128
DA:72,128
DA:73,192
DA:74,192
DA:75,192
DA:76,192
DA:77,192
DA:78,192
DA:79,192
DA:80,192
DA:81,192
DA:82,320
DA:83,320
DA:84,96
DA:85,96
DA:86,96
DA:87,32
DA:88,32
DA:89,32
DA:90,32
DA:91,32
DA:92,32
DA:93,32
DA:94,32
DA:95,32
DA:96,32
DA:97,32
DA:98,32
DA:99,32
DA:100,32
DA:101,32
DA:102,32
DA:103,32
DA:104,32
DA:105,32
DA:106,32
LF:106
LH:106
BRDA:32,0,0,32
BRDA:63,1,0,96
BRDA:67,2,0,320
BRDA:69,3,0,128
BRDA:72,4,0,192
BRF:5
BRH:5
end_of_record
TN:
SF:src/components/layout/Layout.jsx
FN:6,Layout
FNF:1
FNH:1
FNDA:19,Layout
DA:1,1
DA:2,1
DA:3,1
DA:4,1
DA:5,1
DA:6,19
DA:7,19
DA:8,19
DA:9,19
DA:10,13
DA:11,19
DA:12,19
DA:13,19
DA:14,19
DA:15,19
DA:16,19
DA:17,19
DA:18,19
DA:19,19
DA:20,19
DA:21,19
DA:22,19
LF:22
LH:22
BRDA:6,0,0,19
BRDA:9,1,0,13
BRF:2
BRH:2
end_of_record
TN:
SF:src/components/layout/Navbar.jsx
FN:13,Navbar
FN:19,onScroll
FN:69,onClick
FNF:3
FNH:3
FNDA:51,Navbar
FNDA:3,onScroll
FNDA:6,onClick
DA:1,1
DA:2,1
DA:3,1
DA:4,1
DA:5,1
DA:6,1
DA:7,1
DA:8,1
DA:9,1
DA:10,1
DA:11,1
DA:12,1
DA:13,51
DA:14,51
DA:15,51
DA:16,51
DA:17,51
DA:18,51
DA:19,29
DA:20,29
DA:21,29
DA:22,51
DA:23,51
DA:24,51
DA:25,29
DA:26,51
DA:27,51
DA:28,51
DA:29,51
DA:30,51
DA:31,51
DA:32,14
DA:33,37
DA:34,51
DA:35,51
DA:36,51
DA:37,51
DA:38,51
DA:39,51
DA:40,51
DA:41,51
DA:42,51
DA:43,51
DA:44,51
DA:45,51
DA:46,51
DA:47,51
DA:48,51
DA:49,51
DA:50,204
DA:51,204
DA:52,204
DA:53,204
DA:54,204
DA:55,204
DA:56,204
DA:57,204
DA:58,204
DA:59,51
DA:60,51
DA:61,51
DA:62,51
DA:63,51
DA:64,51
DA:65,51
DA:66,51
DA:67,51
DA:68,51
DA:69,51
DA:70,51
DA:71,51
DA:72,51
DA:73,51
DA:74,51
DA:75,51
DA:76,51
DA:77,51
DA:78,51
DA:79,51
DA:80,10
DA:81,10
DA:82,10
DA:83,40
DA:84,40
DA:85,40
DA:86,40
DA:87,40
DA:88,2
DA:89,38
DA:90,40
DA:91,40
DA:92,40
DA:93,40
DA:94,10
DA:95,10
DA:96,10
DA:97,10
DA:98,10
DA:99,10
DA:100,10
DA:101,10
DA:102,10
DA:103,51
DA:104,51
DA:105,51
DA:106,51
LF:106
LH:106
BRDA:13,0,0,51
BRDA:31,1,0,47
BRDA:31,2,0,14
BRDA:32,3,0,37
BRDA:71,4,0,10
BRDA:71,5,0,41
BRDA:73,6,0,10
BRDA:73,7,0,41
BRDA:79,8,0,10
BRDA:18,9,0,29
BRDA:19,10,0,3
BRDA:21,11,0,29
BRDA:24,12,0,29
BRDA:49,13,0,204
BRDA:54,14,0,13
BRDA:54,15,0,191
BRDA:69,16,0,6
BRDA:82,17,0,40
BRDA:87,18,0,2
BRDA:88,19,0,38
BRF:20
BRH:20
end_of_record
TN:
SF:src/components/shared/AnimatedSection.jsx
FN:4,AnimatedSection2
FNF:1
FNH:1
FNDA:910,AnimatedSection2
DA:1,1
DA:2,1
DA:3,1
DA:4,1
DA:5,910
DA:6,910
DA:7,910
DA:8,910
DA:9,910
DA:10,910
DA:11,910
DA:12,910
DA:13,910
DA:14,910
DA:15,910
DA:16,910
DA:17,1
DA:18,1
LF:18
LH:18
BRDA:4,0,0,910
BRF:1
BRH:1
end_of_record
TN:
SF:src/components/shared/Button.jsx
FN:15,Button
FNF:1
FNH:1
FNDA:204,Button
DA:1,1
DA:2,1
DA:3,1
DA:4,1
DA:5,1
DA:6,1
DA:7,1
DA:8,1
DA:9,1
DA:10,1
DA:11,1
DA:12,1
DA:13,1
DA:14,1
DA:15,204
DA:16,204
DA:17,204
DA:18,204
DA:19,24
DA:20,24
DA:21,180
DA:22,182
DA:23,170
DA:24,170
DA:25,10
DA:26,10
DA:27,10
LF:27
LH:27
BRDA:15,0,0,204
BRDA:18,1,0,193
BRDA:18,2,0,24
BRDA:20,3,0,182
BRDA:20,4,0,180
BRDA:22,5,0,170
BRDA:24,6,0,10
BRF:7
BRH:7
end_of_record
TN:
SF:src/components/shared/Card.jsx
FN:4,Card2
FNF:1
FNH:1
FNDA:497,Card2
DA:1,1
DA:2,1
DA:3,1
DA:4,1
DA:5,497
DA:6,497
DA:7,497
DA:8,497
DA:9,497
DA:10,497
DA:11,497
DA:12,497
DA:13,497
DA:14,497
DA:15,497
DA:16,1
DA:17,1
LF:17
LH:17
BRDA:4,0,0,497
BRDA:7,1,0,426
BRDA:7,2,0,71
BRDA:9,3,0,55
BRDA:9,4,0,442
BRF:5
BRH:5
end_of_record
TN:
SF:src/components/shared/ErrorBoundary.jsx
FN:4,ErrorBoundary
FN:9,getDerivedStateFromError
FN:13,render
FN:23,onClick
FNF:4
FNH:4
FNDA:15,ErrorBoundary
FNDA:6,getDerivedStateFromError
FNDA:20,render
FNDA:1,onClick
DA:1,1
DA:2,1
DA:3,1
DA:4,1
DA:5,15
DA:6,15
DA:7,15
DA:8,1
DA:9,1
DA:10,6
DA:11,6
DA:12,1
DA:13,1
DA:14,20
DA:15,6
DA:16,6
DA:17,6
DA:18,6
DA:19,6
DA:20,6
DA:21,6
DA:22,6
DA:23,6
DA:24,6
DA:25,6
DA:26,6
DA:27,6
DA:28,6
DA:29,6
DA:30,6
DA:31,6
DA:32,14
DA:33,14
DA:34,20
DA:35,1
LF:35
LH:35
BRDA:4,0,0,15
BRDA:9,1,0,6
BRDA:13,2,0,20
BRDA:14,3,0,6
BRDA:31,4,0,14
BRDA:23,5,0,1
BRF:6
BRH:6
end_of_record
TN:
SF:src/components/shared/Icon.jsx
FN:118,Icon
FNF:1
FNH:1
FNDA:1810,Icon
DA:1,1
DA:2,1
DA:3,1
DA:4,1
DA:5,1
DA:6,1
DA:7,1
DA:8,1
DA:9,1
DA:10,1
DA:11,1
DA:12,1
DA:13,1
DA:14,1
DA:15,1
DA:16,1
DA:17,1
DA:18,1
DA:19,1
DA:20,1
DA:21,1
DA:22,1
DA:23,1
DA:24,1
DA:25,1
DA:26,1
DA:27,1
DA:28,1
DA:29,1
DA:30,1
DA:31,1
DA:32,1
DA:33,1
DA:34,1
DA:35,1
DA:36,1
DA:37,1
DA:38,1
DA:39,1
DA:40,1
DA:41,1
DA:42,1
DA:43,1
DA:44,1
DA:45,1
DA:46,1
DA:47,1
DA:48,1
DA:49,1
DA:50,1
DA:51,1
DA:52,1
DA:53,1
DA:54,1
DA:55,1
DA:56,1
DA:57,1
DA:58,1
DA:59,1
DA:60,1
DA:61,1
DA:62,1
DA:63,1
DA:64,1
DA:65,1
DA:66,1
DA:67,1
DA:68,1
DA:69,1
DA:70,1
DA:71,1
DA:72,1
DA:73,1
DA:74,1
DA:75,1
DA:76,1
DA:77,1
DA:78,1
DA:79,1
DA:80,1
DA:81,1
DA:82,1
DA:83,1
DA:84,1
DA:85,1
DA:86,1
DA:87,1
DA:88,1
DA:89,1
DA:90,1
DA:91,1
DA:92,1
DA:93,1
DA:94,1
DA:95,1
DA:96,1
DA:97,1
DA:98,1
DA:99,1
DA:100,1
DA:101,1
DA:102,1
DA:103,1
DA:104,1
DA:105,1
DA:106,1
DA:107,1
DA:108,1
DA:109,1
DA:110,1
DA:111,1
DA:112,1
DA:113,1
DA:114,1
DA:115,1
DA:116,1
DA:117,1
DA:118,1810
DA:119,1810
DA:120,1810
DA:121,1810
DA:122,1810
DA:123,1810
DA:124,1810
DA:125,1810
DA:126,1810
DA:127,1810
DA:128,1810
DA:129,1810
DA:130,1810
DA:131,1810
DA:132,1810
DA:133,1810
LF:133
LH:133
BRDA:118,0,0,1810
BRDA:130,1,0,1
BRF:2
BRH:2
end_of_record
TN:
SF:src/components/shared/SectionHeading.jsx
FN:3,SectionHeading2
FNF:1
FNH:1
FNDA:194,SectionHeading2
DA:1,1
DA:2,1
DA:3,1
DA:4,194
DA:5,194
DA:6,194
DA:7,194
DA:8,194
DA:9,194
DA:10,194
DA:11,152
DA:12,194
DA:13,194
DA:14,194
DA:15,194
DA:16,1
DA:17,1
LF:17
LH:17
BRDA:3,0,0,194
BRDA:4,1,0,157
BRDA:4,2,0,37
BRDA:7,3,0,157
BRDA:7,4,0,37
BRDA:10,5,0,152
BRF:6
BRH:6
end_of_record
TN:
SF:src/constants/actions.js
FNF:0
FNH:0
DA:1,1
DA:2,1
DA:3,1
DA:4,1
DA:5,1
DA:6,1
DA:7,1
DA:8,1
DA:9,1
DA:10,1
DA:11,1
DA:12,1
DA:13,1
DA:14,1
DA:15,1
DA:16,1
DA:17,1
DA:18,1
DA:19,1
LF:19
LH:19
BRF:0
BRH:0
end_of_record
TN:
SF:src/constants/comparisons.js
FNF:0
FNH:0
DA:1,1
DA:2,1
DA:3,1
DA:4,1
DA:5,1
DA:6,1
DA:7,1
DA:8,1
DA:9,1
DA:10,1
DA:11,1
DA:12,1
DA:13,1
DA:14,1
DA:15,1
DA:16,1
DA:17,1
LF:17
LH:17
BRF:0
BRH:0
end_of_record
TN:
SF:src/constants/faq.js
FNF:0
FNH:0
DA:1,1
DA:2,1
DA:3,1
DA:4,1
DA:5,1
DA:6,1
DA:7,1
DA:8,1
DA:9,1
DA:10,1
DA:11,1
DA:12,1
DA:13,1
DA:14,1
DA:15,1
DA:16,1
DA:17,1
DA:18,1
DA:19,1
DA:20,1
DA:21,1
DA:22,1
DA:23,1
DA:24,1
DA:25,1
DA:26,1
DA:27,1
DA:28,1
DA:29,1
DA:30,1
DA:31,1
DA:32,1
DA:33,1
DA:34,1
DA:35,1
DA:36,1
DA:37,1
DA:38,1
DA:39,1
DA:40,1
DA:41,1
DA:42,1
DA:43,1
DA:44,1
DA:45,1
DA:46,1
DA:47,1
DA:48,1
DA:49,1
LF:49
LH:49
BRF:0
BRH:0
end_of_record
TN:
SF:src/constants/features.js
FNF:0
FNH:0
DA:1,1
DA:2,1
DA:3,1
DA:4,1
DA:5,1
DA:6,1
DA:7,1
DA:8,1
DA:9,1
DA:10,1
DA:11,1
DA:12,1
DA:13,1
DA:14,1
DA:15,1
DA:16,1
DA:17,1
DA:18,1
DA:19,1
DA:20,1
DA:21,1
DA:22,1
DA:23,1
DA:24,1
DA:25,1
DA:26,1
DA:27,1
DA:28,1
DA:29,1
DA:30,1
DA:31,1
DA:32,1
DA:33,1
DA:34,1
DA:35,1
DA:36,1
DA:37,1
DA:38,1
DA:39,1
DA:40,1
DA:41,1
DA:42,1
DA:43,1
DA:44,1
DA:45,1
DA:46,1
DA:47,1
DA:48,1
DA:49,1
DA:50,1
DA:51,1
DA:52,1
DA:53,1
DA:54,1
DA:55,1
DA:56,1
DA:57,1
DA:58,1
DA:59,1
DA:60,1
DA:61,1
DA:62,1
DA:63,1
DA:64,1
DA:65,1
DA:66,1
DA:67,1
DA:68,1
DA:69,1
DA:70,1
DA:71,1
DA:72,1
DA:73,1
DA:74,1
DA:75,1
DA:76,1
DA:77,1
LF:77
LH:77
BRF:0
BRH:0
end_of_record
TN:
SF:src/pages/FAQPage.jsx
FN:5,FAQPage
FNF:1
FNH:1
FNDA:5,FAQPage
DA:1,1
DA:2,1
DA:3,1
DA:4,1
DA:5,5
DA:6,5
DA:7,5
DA:8,5
DA:9,5
DA:10,5
DA:11,5
DA:12,5
DA:13,5
DA:14,5
DA:15,5
DA:16,5
DA:17,5
DA:18,5
DA:19,5
DA:20,5
DA:21,5
DA:22,5
DA:23,5
LF:23
LH:23
BRDA:5,0,0,5
BRF:1
BRH:1
end_of_record
TN:
SF:src/pages/FeaturesPage.jsx
FN:8,FeaturesPage
FNF:1
FNH:1
FNDA:9,FeaturesPage
DA:1,1
DA:2,1
DA:3,1
DA:4,1
DA:5,1
DA:6,1
DA:7,1
DA:8,9
DA:9,9
DA:10,9
DA:11,9
DA:12,9
DA:13,9
DA:14,9
DA:15,9
DA:16,9
DA:17,9
DA:18,9
DA:19,9
DA:20,9
DA:21,9
DA:22,9
DA:23,9
DA:24,9
DA:25,9
DA:26,9
DA:27,54
DA:28,54
DA:29,54
DA:30,54
DA:31,54
DA:32,54
DA:33,54
DA:34,54
DA:35,54
DA:36,54
DA:37,9
DA:38,9
DA:39,9
DA:40,9
DA:41,9
DA:42,9
DA:43,36
DA:44,36
DA:45,36
DA:46,36
DA:47,36
DA:48,36
DA:49,36
DA:50,36
DA:51,36
DA:52,144
DA:53,144
DA:54,144
DA:55,144
DA:56,144
DA:57,144
DA:58,144
DA:59,36
DA:60,36
DA:61,36
DA:62,36
DA:63,9
DA:64,9
DA:65,9
DA:66,9
DA:67,9
DA:68,9
DA:69,9
DA:70,9
DA:71,9
DA:72,9
DA:73,9
DA:74,9
DA:75,9
DA:76,9
DA:77,9
DA:78,9
DA:79,9
DA:80,9
DA:81,9
DA:82,9
DA:83,9
DA:84,9
DA:85,9
DA:86,9
DA:87,9
DA:88,9
DA:89,9
DA:90,9
DA:91,9
DA:92,9
DA:93,9
DA:94,9
DA:95,9
DA:96,9
DA:97,9
DA:98,9
DA:99,9
DA:100,9
DA:101,9
DA:102,9
DA:103,9
DA:104,9
DA:105,9
DA:106,9
DA:107,9
LF:107
LH:107
BRDA:8,0,0,9
BRDA:26,1,0,54
BRDA:42,2,0,36
BRDA:51,3,0,144
BRF:4
BRH:4
end_of_record
TN:
SF:src/pages/HomePage.jsx
FN:10,HomePage
FNF:1
FNH:1
FNDA:11,HomePage
DA:1,1
DA:2,1
DA:3,1
DA:4,1
DA:5,1
DA:6,1
DA:7,1
DA:8,1
DA:9,1
DA:10,11
DA:11,11
DA:12,11
DA:13,11
DA:14,11
DA:15,11
DA:16,11
DA:17,11
DA:18,11
DA:19,11
DA:20,11
DA:21,11
DA:22,11
DA:23,11
LF:23
LH:23
BRDA:10,0,0,11
BRF:1
BRH:1
end_of_record
TN:
SF:src/pages/HowItWorksPage.jsx
FN:78,HowItWorksPage
FNF:1
FNH:1
FNDA:9,HowItWorksPage
DA:1,1
DA:2,1
DA:3,1
DA:4,1
DA:5,1
DA:6,1
DA:7,1
DA:8,1
DA:9,1
DA:10,1
DA:11,1
DA:12,1
DA:13,1
DA:14,1
DA:15,1
DA:16,1
DA:17,1
DA:18,1
DA:19,1
DA:20,1
DA:21,1
DA:22,1
DA:23,1
DA:24,1
DA:25,1
DA:26,1
DA:27,1
DA:28,1
DA:29,1
DA:30,1
DA:31,1
DA:32,1
DA:33,1
DA:34,1
DA:35,1
DA:36,1
DA:37,1
DA:38,1
DA:39,1
DA:40,1
DA:41,1
DA:42,1
DA:43,1
DA:44,1
DA:45,1
DA:46,1
DA:47,1
DA:48,1
DA:49,1
DA:50,1
DA:51,1
DA:52,1
DA:53,1
DA:54,1
DA:55,1
DA:56,1
DA:57,1
DA:58,1
DA:59,1
DA:60,1
DA:61,1
DA:62,1
DA:63,1
DA:64,1
DA:65,1
DA:66,1
DA:67,1
DA:68,1
DA:69,1
DA:70,1
DA:71,1
DA:72,1
DA:73,1
DA:74,1
DA:75,1
DA:76,1
DA:77,1
DA:78,9
DA:79,9
DA:80,9
DA:81,9
DA:82,9
DA:83,9
DA:84,9
DA:85,9
DA:86,9
DA:87,9
DA:88,9
DA:89,9
DA:90,9
DA:91,9
DA:92,9
DA:93,9
DA:94,9
DA:95,9
DA:96,54
DA:97,54
DA:98,54
DA:99,54
DA:100,54
DA:101,54
DA:102,54
DA:103,54
DA:104,54
DA:105,54
DA:106,54
DA:107,54
DA:108,45
DA:109,54
DA:110,54
DA:111,54
DA:112,54
DA:113,54
DA:114,54
DA:115,54
DA:116,54
DA:117,54
DA:118,171
DA:119,171
DA:120,171
DA:121,171
DA:122,54
DA:123,54
DA:124,54
DA:125,54
DA:126,54
DA:127,9
DA:128,9
DA:129,9
DA:130,9
DA:131,9
DA:132,9
DA:133,9
DA:134,9
DA:135,9
DA:136,9
DA:137,9
DA:138,9
DA:139,9
DA:140,9
DA:141,9
DA:142,9
DA:143,9
DA:144,9
DA:145,9
DA:146,9
DA:147,9
DA:148,9
DA:149,9
DA:150,9
DA:151,9
DA:152,9
DA:153,9
DA:154,9
DA:155,9
DA:156,9
DA:157,9
DA:158,9
DA:159,9
DA:160,9
DA:161,9
DA:162,9
DA:163,9
DA:164,9
DA:165,9
DA:166,9
DA:167,9
DA:168,9
DA:169,9
DA:170,9
DA:171,9
DA:172,9
DA:173,9
DA:174,9
DA:175,9
DA:176,9
DA:177,9
DA:178,9
LF:178
LH:178
BRDA:78,0,0,9
BRDA:95,1,0,54
BRDA:107,2,0,45
BRDA:117,3,0,171
BRF:4
BRH:4
end_of_record
TN:
SF:src/pages/SafetyPage.jsx
FN:77,SafetyPage
FNF:1
FNH:1
FNDA:10,SafetyPage
DA:1,1
DA:2,1
DA:3,1
DA:4,1
DA:5,1
DA:6,1
DA:7,1
DA:8,1
DA:9,1
DA:10,1
DA:11,1
DA:12,1
DA:13,1
DA:14,1
DA:15,1
DA:16,1
DA:17,1
DA:18,1
DA:19,1
DA:20,1
DA:21,1
DA:22,1
DA:23,1
DA:24,1
DA:25,1
DA:26,1
DA:27,1
DA:28,1
DA:29,1
DA:30,1
DA:31,1
DA:32,1
DA:33,1
DA:34,1
DA:35,1
DA:36,1
DA:37,1
DA:38,1
DA:39,1
DA:40,1
DA:41,1
DA:42,1
DA:43,1
DA:44,1
DA:45,1
DA:46,1
DA:47,1
DA:48,1
DA:49,1
DA:50,1
DA:51,1
DA:52,1
DA:53,1
DA:54,1
DA:55,1
DA:56,1
DA:57,1
DA:58,1
DA:59,1
DA:60,1
DA:61,1
DA:62,1
DA:63,1
DA:64,1
DA:65,1
DA:66,1
DA:67,1
DA:68,1
DA:69,1
DA:70,1
DA:71,1
DA:72,1
DA:73,1
DA:74,1
DA:75,1
DA:76,1
DA:77,10
DA:78,10
DA:79,10
DA:80,10
DA:81,10
DA:82,10
DA:83,10
DA:84,10
DA:85,10
DA:86,10
DA:87,10
DA:88,10
DA:89,10
DA:90,10
DA:91,10
DA:92,10
DA:93,10
DA:94,10
DA:95,10
DA:96,10
DA:97,10
DA:98,10
DA:99,10
DA:100,10
DA:101,10
DA:102,10
DA:103,10
DA:104,10
DA:105,10
DA:106,10
DA:107,10
DA:108,40
DA:109,40
DA:110,40
DA:111,40
DA:112,40
DA:113,40
DA:114,40
DA:115,40
DA:116,40
DA:117,40
DA:118,40
DA:119,40
DA:120,170
DA:121,170
DA:122,170
DA:123,170
DA:124,40
DA:125,40
DA:126,40
DA:127,40
DA:128,40
DA:129,10
DA:130,10
DA:131,10
DA:132,10
DA:133,10
DA:134,10
DA:135,10
DA:136,10
DA:137,10
DA:138,10
DA:139,10
DA:140,10
DA:141,10
DA:142,30
DA:143,30
DA:144,30
DA:145,30
DA:146,30
DA:147,30
DA:148,30
DA:149,30
DA:150,30
DA:151,30
DA:152,30
DA:153,10
DA:154,10
DA:155,10
DA:156,10
DA:157,10
DA:158,10
DA:159,10
DA:160,10
DA:161,10
LF:161
LH:161
BRDA:77,0,0,10
BRDA:107,1,0,40
BRDA:119,2,0,170
BRDA:141,3,0,30
BRF:4
BRH:4
end_of_record
